#
# There is insufficient memory for the Java Runtime Environment to continue.
# Native memory allocation (mmap) failed to map 130023424 bytes for G1 virtual space
# Possible reasons:
#   The system is out of physical RAM or swap space
#   The process is running with CompressedOops enabled, and the Java Heap may be blocking the growth of the native heap
# Possible solutions:
#   Reduce memory load on the system
#   Increase physical memory or swap space
#   Check if swap backing store is full
#   Decrease Java heap size (-Xmx/-Xms)
#   Decrease number of Java threads
#   Decrease Java thread stack sizes (-Xss)
#   Set larger code cache with -XX:ReservedCodeCacheSize=
#   JVM is running with Unscaled Compressed Oops mode in which the Java heap is
#     placed in the first 4GB address space. The Java Heap base address is the
#     maximum limit for the native heap growth. Please use -XX:HeapBaseMinAddress
#     to set the Java Heap base and to place the Java Heap above 4GB virtual address.
# This output file may be truncated or incomplete.
#
#  Out of Memory Error (os_windows.cpp:3613), pid=27508, tid=16836
#
# JRE version:  (17.0.10+7) (build )
# Java VM: OpenJDK 64-Bit Server VM (17.0.10+7, mixed mode, sharing, tiered, compressed oops, compressed class ptrs, g1 gc, windows-amd64)
# No core dump will be written. Minidumps are not enabled by default on client versions of Windows
#

---------------  S U M M A R Y ------------

Command Line: -Dfile.encoding=UTF-8 -Dstdout.encoding=UTF-8 -Dstderr.encoding=UTF-8 --module-path=C:\Users\phamm\git\FlashCardAplication\FlashCard\target\classes;C:\Users\phamm\.m2\repository\com\miglayout\miglayout-swing\11.0\miglayout-swing-11.0.jar;C:\Users\phamm\.m2\repository\com\miglayout\miglayout-core\11.0\miglayout-core-11.0.jar;C:\Users\phamm\.m2\repository\com\kenai\nbpwr\org-jdesktop-animation-timing\1.0-201002281504\org-jdesktop-animation-timing-1.0-201002281504.jar;C:\Users\phamm\.m2\repository\net\java\dev\timingframework\timingframework\1.0\timingframework-1.0.jar;C:\Users\phamm\.m2\repository\com\sun\mail\javax.mail\1.6.2\javax.mail-1.6.2.jar -XX:+ShowCodeDetailsInExceptionMessages -Djdk.module.main=FlashCard FlashCard/com.flashcard.controller.ConntrollerLoginAndRegister

Host: 12th Gen Intel(R) Core(TM) i7-12700H, 20 cores, 7G,  Windows 11 , 64 bit Build 22621 (10.0.22621.3958)
Time: Tue Nov 12 14:02:44 2024 SE Asia Standard Time elapsed time: 0.007008 seconds (0d 0h 0m 0s)

---------------  T H R E A D  ---------------

Current thread (0x000001ce134a1860):  JavaThread "Unknown thread" [_thread_in_vm, id=16836, stack(0x000000a954c00000,0x000000a954d00000)]

Stack: [0x000000a954c00000,0x000000a954d00000]
Native frames: (J=compiled Java code, j=interpreted, Vv=VM code, C=native code)
V  [jvm.dll+0x67d2c9]
V  [jvm.dll+0x834afa]
V  [jvm.dll+0x8365be]
V  [jvm.dll+0x836c23]
V  [jvm.dll+0x2477ff]
V  [jvm.dll+0x67a109]
V  [jvm.dll+0x66eb7a]
V  [jvm.dll+0x30764b]
V  [jvm.dll+0x30eaf6]
V  [jvm.dll+0x35e83e]
V  [jvm.dll+0x35ea6f]
V  [jvm.dll+0x2de248]
V  [jvm.dll+0x2df1b4]
V  [jvm.dll+0x806361]
V  [jvm.dll+0x36c6f1]
V  [jvm.dll+0x7e4e06]
V  [jvm.dll+0x3eff3f]
V  [jvm.dll+0x3f1b71]
C  [jli.dll+0x528f]
C  [ucrtbase.dll+0x29333]
C  [KERNEL32.DLL+0x1257d]
C  [ntdll.dll+0x5af08]


---------------  P R O C E S S  ---------------

Threads class SMR info:
_java_thread_list=0x00007ff9e852ee98, length=0, elements={
}

Java Threads: ( => current thread )

Other Threads:
  0x000001ce134fcc80 GCTaskThread "GC Thread#0" [stack: 0x000000a954d00000,0x000000a954e00000] [id=23576]
  0x000001ce1350d010 ConcurrentGCThread "G1 Main Marker" [stack: 0x000000a954e00000,0x000000a954f00000] [id=21168]
  0x000001ce1350da30 ConcurrentGCThread "G1 Conc#0" [stack: 0x000000a954f00000,0x000000a955000000] [id=21664]

[error occurred during error reporting (printing all threads), id 0xc0000005, EXCEPTION_ACCESS_VIOLATION (0xc0000005) at pc=0x00007ff9e7ceec87]

VM state: not at safepoint (not fully initialized)

VM Mutex/Monitor currently owned by a thread:  ([mutex/lock_event])
[0x000001ce1349bef0] Heap_lock - owner thread: 0x000001ce134a1860

Heap address: 0x0000000085e00000, size: 1954 MB, Compressed Oops mode: 32-bit

CDS archive(s) mapped at: [0x0000000000000000-0x0000000000000000-0x0000000000000000), size 0, SharedBaseAddress: 0x0000000800000000, ArchiveRelocationMode: 1.
Narrow klass base: 0x0000000000000000, Narrow klass shift: 0, Narrow klass range: 0x0

GC Precious Log:
<Empty>

Heap:
 garbage-first heap   total 0K, used 0K [0x0000000085e00000, 0x0000000100000000)
  region size 1024K, 0 young (0K), 0 survivors (0K)

[error occurred during error reporting (printing heap information), id 0xc0000005, EXCEPTION_ACCESS_VIOLATION (0xc0000005) at pc=0x00007ff9e80d6fb9]

GC Heap History (0 events):
No events

Dll operation events (1 events):
Event: 0.004 Loaded shared library D:\application\ProgramingTools\Tools\SpringBoot\sts-4.22.0.RELEASE\plugins\org.eclipse.justj.openjdk.hotspot.jre.full.win32.x86_64_17.0.10.v20240120-1143\jre\bin\java.dll

Deoptimization events (0 events):
No events

Classes unloaded (0 events):
No events

Classes redefined (0 events):
No events

Internal exceptions (0 events):
No events

VM Operations (0 events):
No events

Events (0 events):
No events


Dynamic libraries:
0x00007ff6e84f0000 - 0x00007ff6e84fe000 	D:\application\ProgramingTools\Tools\SpringBoot\sts-4.22.0.RELEASE\plugins\org.eclipse.justj.openjdk.hotspot.jre.full.win32.x86_64_17.0.10.v20240120-1143\jre\bin\javaw.exe
0x00007ffa54510000 - 0x00007ffa54727000 	C:\WINDOWS\SYSTEM32\ntdll.dll
0x00007ffa534e0000 - 0x00007ffa535a4000 	C:\WINDOWS\System32\KERNEL32.DLL
0x00007ffa51bd0000 - 0x00007ffa51f87000 	C:\WINDOWS\System32\KERNELBASE.dll
0x00007ffa51820000 - 0x00007ffa51931000 	C:\WINDOWS\System32\ucrtbase.dll
0x00007ff9e8a20000 - 0x00007ff9e8a3b000 	D:\application\ProgramingTools\Tools\SpringBoot\sts-4.22.0.RELEASE\plugins\org.eclipse.justj.openjdk.hotspot.jre.full.win32.x86_64_17.0.10.v20240120-1143\jre\bin\VCRUNTIME140.dll
0x00007ff9e8a40000 - 0x00007ff9e8a57000 	D:\application\ProgramingTools\Tools\SpringBoot\sts-4.22.0.RELEASE\plugins\org.eclipse.justj.openjdk.hotspot.jre.full.win32.x86_64_17.0.10.v20240120-1143\jre\bin\jli.dll
0x00007ffa53f70000 - 0x00007ffa5411f000 	C:\WINDOWS\System32\USER32.dll
0x00007ffa519b0000 - 0x00007ffa519d6000 	C:\WINDOWS\System32\win32u.dll
0x00007ffa53940000 - 0x00007ffa53969000 	C:\WINDOWS\System32\GDI32.dll
0x00007ffa35260000 - 0x00007ffa354f3000 	C:\WINDOWS\WinSxS\amd64_microsoft.windows.common-controls_6595b64144ccf1df_6.0.22621.3672_none_2713b9d173822955\COMCTL32.dll
0x00007ffa51a10000 - 0x00007ffa51b28000 	C:\WINDOWS\System32\gdi32full.dll
0x00007ffa54140000 - 0x00007ffa541e7000 	C:\WINDOWS\System32\msvcrt.dll
0x00007ffa51b30000 - 0x00007ffa51bca000 	C:\WINDOWS\System32\msvcp_win.dll
0x00007ffa543c0000 - 0x00007ffa543f1000 	C:\WINDOWS\System32\IMM32.DLL
0x00007ffa13240000 - 0x00007ffa1324c000 	D:\application\ProgramingTools\Tools\SpringBoot\sts-4.22.0.RELEASE\plugins\org.eclipse.justj.openjdk.hotspot.jre.full.win32.x86_64_17.0.10.v20240120-1143\jre\bin\vcruntime140_1.dll
0x00007ff9e8990000 - 0x00007ff9e8a1d000 	D:\application\ProgramingTools\Tools\SpringBoot\sts-4.22.0.RELEASE\plugins\org.eclipse.justj.openjdk.hotspot.jre.full.win32.x86_64_17.0.10.v20240120-1143\jre\bin\msvcp140.dll
0x00007ff9e7a00000 - 0x00007ff9e8662000 	D:\application\ProgramingTools\Tools\SpringBoot\sts-4.22.0.RELEASE\plugins\org.eclipse.justj.openjdk.hotspot.jre.full.win32.x86_64_17.0.10.v20240120-1143\jre\bin\server\jvm.dll
0x00007ffa53340000 - 0x00007ffa533f2000 	C:\WINDOWS\System32\ADVAPI32.dll
0x00007ffa52710000 - 0x00007ffa527b8000 	C:\WINDOWS\System32\sechost.dll
0x00007ffa519e0000 - 0x00007ffa51a08000 	C:\WINDOWS\System32\bcrypt.dll
0x00007ffa52340000 - 0x00007ffa52454000 	C:\WINDOWS\System32\RPCRT4.dll
0x00007ffa506f0000 - 0x00007ffa5073d000 	C:\WINDOWS\SYSTEM32\POWRPROF.dll
0x00007ffa4a2c0000 - 0x00007ffa4a2f4000 	C:\WINDOWS\SYSTEM32\WINMM.dll
0x00007ffa33ea0000 - 0x00007ffa33ea9000 	C:\WINDOWS\SYSTEM32\WSOCK32.dll
0x00007ffa4a110000 - 0x00007ffa4a11a000 	C:\WINDOWS\SYSTEM32\VERSION.dll
0x00007ffa539e0000 - 0x00007ffa53a51000 	C:\WINDOWS\System32\WS2_32.dll
0x00007ffa506b0000 - 0x00007ffa506c3000 	C:\WINDOWS\SYSTEM32\UMPDC.dll
0x00007ffa508c0000 - 0x00007ffa508d8000 	C:\WINDOWS\SYSTEM32\kernel.appcore.dll
0x00007ffa198c0000 - 0x00007ffa198ca000 	D:\application\ProgramingTools\Tools\SpringBoot\sts-4.22.0.RELEASE\plugins\org.eclipse.justj.openjdk.hotspot.jre.full.win32.x86_64_17.0.10.v20240120-1143\jre\bin\jimage.dll
0x00007ffa4eb00000 - 0x00007ffa4ed32000 	C:\WINDOWS\SYSTEM32\DBGHELP.DLL
0x00007ffa535b0000 - 0x00007ffa5393e000 	C:\WINDOWS\System32\combase.dll
0x00007ffa53400000 - 0x00007ffa534d7000 	C:\WINDOWS\System32\OLEAUT32.dll
0x00007ffa3afc0000 - 0x00007ffa3aff2000 	C:\WINDOWS\SYSTEM32\dbgcore.DLL
0x00007ffa521c0000 - 0x00007ffa5223b000 	C:\WINDOWS\System32\bcryptPrimitives.dll
0x00007ff9e79d0000 - 0x00007ff9e79f5000 	D:\application\ProgramingTools\Tools\SpringBoot\sts-4.22.0.RELEASE\plugins\org.eclipse.justj.openjdk.hotspot.jre.full.win32.x86_64_17.0.10.v20240120-1143\jre\bin\java.dll

dbghelp: loaded successfully - version: 4.0.5 - missing functions: none
symbol engine: initialized successfully - sym options: 0x614 - pdb path: .;D:\application\ProgramingTools\Tools\SpringBoot\sts-4.22.0.RELEASE\plugins\org.eclipse.justj.openjdk.hotspot.jre.full.win32.x86_64_17.0.10.v20240120-1143\jre\bin;C:\WINDOWS\SYSTEM32;C:\WINDOWS\WinSxS\amd64_microsoft.windows.common-controls_6595b64144ccf1df_6.0.22621.3672_none_2713b9d173822955;D:\application\ProgramingTools\Tools\SpringBoot\sts-4.22.0.RELEASE\plugins\org.eclipse.justj.openjdk.hotspot.jre.full.win32.x86_64_17.0.10.v20240120-1143\jre\bin\server

VM Arguments:
jvm_args: -Dfile.encoding=UTF-8 -Dstdout.encoding=UTF-8 -Dstderr.encoding=UTF-8 --module-path=C:\Users\phamm\git\FlashCardAplication\FlashCard\target\classes;C:\Users\phamm\.m2\repository\com\miglayout\miglayout-swing\11.0\miglayout-swing-11.0.jar;C:\Users\phamm\.m2\repository\com\miglayout\miglayout-core\11.0\miglayout-core-11.0.jar;C:\Users\phamm\.m2\repository\com\kenai\nbpwr\org-jdesktop-animation-timing\1.0-201002281504\org-jdesktop-animation-timing-1.0-201002281504.jar;C:\Users\phamm\.m2\repository\net\java\dev\timingframework\timingframework\1.0\timingframework-1.0.jar;C:\Users\phamm\.m2\repository\com\sun\mail\javax.mail\1.6.2\javax.mail-1.6.2.jar -XX:+ShowCodeDetailsInExceptionMessages -Djdk.module.main=FlashCard 
java_command: FlashCard/com.flashcard.controller.ConntrollerLoginAndRegister
java_class_path (initial): C:\Users\phamm\.m2\repository\com\oracle\database\jdbc\ojdbc11\23.3.0.23.09\ojdbc11-23.3.0.23.09.jar;C:\Users\phamm\.m2\repository\javax\activation\activation\1.1\activation-1.1.jar;D:\application\ProgramingTools\Tools\SpringBoot\SetUp\ChuanHoaFileTxt_xlsx\target\classes;C:\Users\phamm\.m2\repository\org\apache\poi\poi-ooxml\5.2.3\poi-ooxml-5.2.3.jar;C:\Users\phamm\.m2\repository\org\apache\poi\poi\5.2.3\poi-5.2.3.jar;C:\Users\phamm\.m2\repository\commons-codec\commons-codec\1.15\commons-codec-1.15.jar;C:\Users\phamm\.m2\repository\org\apache\commons\commons-math3\3.6.1\commons-math3-3.6.1.jar;C:\Users\phamm\.m2\repository\com\zaxxer\SparseBitSet\1.2\SparseBitSet-1.2.jar;C:\Users\phamm\.m2\repository\org\apache\poi\poi-ooxml-lite\5.2.3\poi-ooxml-lite-5.2.3.jar;C:\Users\phamm\.m2\repository\org\apache\xmlbeans\xmlbeans\5.1.1\xmlbeans-5.1.1.jar;C:\Users\phamm\.m2\repository\org\apache\commons\commons-compress\1.21\commons-compress-1.21.jar;C:\Users\phamm\.m2\repository\commons-io\commons-io\2.11.0\commons-io-2.11.0.jar;C:\Users\phamm\.m2\repository\com\github\virtuald\curvesapi\1.07\curvesapi-1.07.jar;C:\Users\phamm\.m2\repository\org\apache\commons\commons-collections4\4.4\commons-collections4-4.4.jar;C:\Users\phamm\.m2\repository\org\apache\logging\log4j\log4j-core\2.20.0\log4j-core-2.20.0.jar;C:\Users\phamm\.m2\repository\org\apache\logging\log4j\log4j-api\2.20.0\log4j-api-2.20.0.jar
Launcher Type: SUN_STANDARD

[Global flags]
     intx CICompilerCount                          = 12                                        {product} {ergonomic}
     uint ConcGCThreads                            = 4                                         {product} {ergonomic}
     uint G1ConcRefinementThreads                  = 15                                        {product} {ergonomic}
   size_t G1HeapRegionSize                         = 1048576                                   {product} {ergonomic}
    uintx GCDrainStackTargetSize                   = 64                                        {product} {ergonomic}
   size_t InitialHeapSize                          = 130023424                                 {product} {ergonomic}
   size_t MarkStackSize                            = 4194304                                   {product} {ergonomic}
   size_t MaxHeapSize                              = 2048917504                                {product} {ergonomic}
   size_t MinHeapDeltaBytes                        = 1048576                                   {product} {ergonomic}
   size_t MinHeapSize                              = 8388608                                   {product} {ergonomic}
    uintx NonNMethodCodeHeapSize                   = 7602480                                {pd product} {ergonomic}
    uintx NonProfiledCodeHeapSize                  = 122027880                              {pd product} {ergonomic}
    uintx ProfiledCodeHeapSize                     = 122027880                              {pd product} {ergonomic}
    uintx ReservedCodeCacheSize                    = 251658240                              {pd product} {ergonomic}
     bool SegmentedCodeCache                       = true                                      {product} {ergonomic}
     bool ShowCodeDetailsInExceptionMessages       = true                                   {manageable} {command line}
   size_t SoftMaxHeapSize                          = 2048917504                             {manageable} {ergonomic}
     bool UseCompressedClassPointers               = true                           {product lp64_product} {ergonomic}
     bool UseCompressedOops                        = true                           {product lp64_product} {ergonomic}
     bool UseG1GC                                  = true                                      {product} {ergonomic}
     bool UseLargePagesIndividualAllocation        = false                                  {pd product} {ergonomic}

Logging:
Log output configuration:
 #0: stdout all=warning uptime,level,tags
 #1: stderr all=off uptime,level,tags

Environment Variables:
JAVA_HOME=C:\ProgramingTool\LapTrinh\Java\Eclipse\JDK\SetUp
PATH=D:/application/ProgramingTools/Tools/SpringBoot/sts-4.22.0.RELEASE//plugins/org.eclipse.justj.openjdk.hotspot.jre.full.win32.x86_64_17.0.10.v20240120-1143/jre/bin/server;D:/application/ProgramingTools/Tools/SpringBoot/sts-4.22.0.RELEASE//plugins/org.eclipse.justj.openjdk.hotspot.jre.full.win32.x86_64_17.0.10.v20240120-1143/jre/bin;D:\application\ProgramingTools\Database\SqlOracle\SetUp\bin;C:\Program Files\Common Files\Oracle\Java\javapath;C:\Program Files (x86)\Common Files\Oracle\Java\java8path;C:\Program Files (x86)\Common Files\Oracle\Java\javapath;C:\Windows\system32;C:\Windows;C:\Windows\System32\Wbem;C:\Windows\System32\WindowsPowerShell\v1.0\;C:\Windows\System32\OpenSSH\;C:\Program Files (x86)\NVIDIA Corporation\PhysX\Common;C:\Program Files\NVIDIA Corporation\NVIDIA NvDLISR;C:\WINDOWS\system32;C:\WINDOWS;C:\WINDOWS\System32\Wbem;C:\WINDOWS\System32\WindowsPowerShell\v1.0\;C:\WINDOWS\System32\OpenSSH\;C:\Program Files\dotnet\;C:\ProgramingTool\LapTrinh\Java\Eclipse\JDK\SetUp\bin;C:\ProgramingTool\LapTrinh\Java\Server\TomcatServer\SetUp\apache-tomcat-9.0.86\bin;C:\Program Files\Git\cmd;C:\ProgramData\chocolatey\bin;C:\Program Files (x86)\Microsoft SQL Server\160\Tools\Binn\;C:\Program Files\Microsoft SQL Server\160\Tools\Binn\;C:\Program Files\Microsoft SQL Server\Client SDK\ODBC\170\Tools\Binn\;C:\Program Files\Microsoft SQL Server\160\DTS\Binn\;C:\Program Files (x86)\Microsoft SQL Server\160\DTS\Binn\;C:\Users\phamm\AppData\Local\Microsoft\WindowsApps;D:\application\visualcode\Microsoft VS Code\bin;C:\Users\phamm\AppData\Local\GitHubDesktop\bin;C:\Users\phamm\.dotnet\tools;D:\application\ProgramingTools\Tools\SpringBoot\sts-4.22.0.RELEASE;
USERNAME=phamm
OS=Windows_NT
PROCESSOR_IDENTIFIER=Intel64 Family 6 Model 154 Stepping 3, GenuineIntel
TMP=C:\Users\phamm\AppData\Local\Temp
TEMP=C:\Users\phamm\AppData\Local\Temp



Periodic native trim disabled


---------------  S Y S T E M  ---------------

OS:
 Windows 11 , 64 bit Build 22621 (10.0.22621.3958)
OS uptime: 2 days 16:23 hours
Hyper-V role detected

CPU: total 20 (initial active 20) (10 cores per cpu, 2 threads per core) family 6 model 154 stepping 3 microcode 0x429, cx8, cmov, fxsr, ht, mmx, 3dnowpref, sse, sse2, sse3, ssse3, sse4.1, sse4.2, popcnt, lzcnt, tsc, tscinvbit, avx, avx2, aes, erms, clmul, bmi1, bmi2, adx, sha, fma, vzeroupper, clflush, clflushopt, clwb, hv
Processor Information for all 20 processors :
  Max Mhz: 2300, Current Mhz: 2300, Mhz Limit: 2300

Memory: 4k page, system-wide physical 7812M (394M free)
TotalPageFile size 31364M (AvailPageFile size 32M)
current process WorkingSet (physical memory assigned to process): 11M, peak: 11M
current process commit charge ("private bytes"): 75M, peak: 199M

vm_info: OpenJDK 64-Bit Server VM (17.0.10+7) for windows-amd64 JRE (17.0.10+7), built on Jan 16 2024 23:25:11 by "admin" with MS VC++ 16.10 / 16.11 (VS2019)

END.
