#
# There is insufficient memory for the Java Runtime Environment to continue.
# Native memory allocation (malloc) failed to allocate 35456 bytes for Chunk::new
# Possible reasons:
#   The system is out of physical RAM or swap space
#   The process is running with CompressedOops enabled, and the Java Heap may be blocking the growth of the native heap
# Possible solutions:
#   Reduce memory load on the system
#   Increase physical memory or swap space
#   Check if swap backing store is full
#   Decrease Java heap size (-Xmx/-Xms)
#   Decrease number of Java threads
#   Decrease Java thread stack sizes (-Xss)
#   Set larger code cache with -XX:ReservedCodeCacheSize=
#   JVM is running with Unscaled Compressed Oops mode in which the Java heap is
#     placed in the first 4GB address space. The Java Heap base address is the
#     maximum limit for the native heap growth. Please use -XX:HeapBaseMinAddress
#     to set the Java Heap base and to place the Java Heap above 4GB virtual address.
# This output file may be truncated or incomplete.
#
#  Out of Memory Error (arena.cpp:191), pid=28912, tid=4432
#
# JRE version: OpenJDK Runtime Environment Temurin-17.0.10+7 (17.0.10+7) (build 17.0.10+7)
# Java VM: OpenJDK 64-Bit Server VM Temurin-17.0.10+7 (17.0.10+7, mixed mode, tiered, compressed oops, compressed class ptrs, g1 gc, windows-amd64)
# No core dump will be written. Minidumps are not enabled by default on client versions of Windows
#

---------------  S U M M A R Y ------------

Command Line: -Dfile.encoding=UTF-8 -Dstdout.encoding=UTF-8 -Dstderr.encoding=UTF-8 --module-path=C:\Users\phamm\git\FlashCardAplication\FlashCard\target\classes;C:\Users\phamm\.m2\repository\com\miglayout\miglayout-swing\11.0\miglayout-swing-11.0.jar;C:\Users\phamm\.m2\repository\com\miglayout\miglayout-core\11.0\miglayout-core-11.0.jar;C:\Users\phamm\.m2\repository\com\kenai\nbpwr\org-jdesktop-animation-timing\1.0-201002281504\org-jdesktop-animation-timing-1.0-201002281504.jar;C:\Users\phamm\.m2\repository\net\java\dev\timingframework\timingframework\1.0\timingframework-1.0.jar;C:\Users\phamm\.m2\repository\com\sun\mail\javax.mail\1.6.2\javax.mail-1.6.2.jar;C:\Users\phamm\.m2\repository\org\jsoup\jsoup\1.15.4\jsoup-1.15.4.jar -XX:+ShowCodeDetailsInExceptionMessages -Djdk.module.main=FlashCard FlashCard/com.flashcard.controller.ConntrollerLoginAndRegister

Host: 12th Gen Intel(R) Core(TM) i7-12700H, 20 cores, 7G,  Windows 11 , 64 bit Build 22621 (10.0.22621.3958)
Time: Thu Nov 21 13:14:34 2024 SE Asia Standard Time elapsed time: 12.571737 seconds (0d 0h 0m 12s)

---------------  T H R E A D  ---------------

Current thread (0x0000021361c46e40):  JavaThread "C2 CompilerThread0" daemon [_thread_in_native, id=4432, stack(0x000000d928300000,0x000000d928400000)]


Current CompileTask:
C2:  12571 3843       4       sun.java2d.marlin.MarlinTileGenerator::getAlphaRLE (1749 bytes)

Stack: [0x000000d928300000,0x000000d928400000]
Native frames: (J=compiled Java code, j=interpreted, Vv=VM code, C=native code)
V  [jvm.dll+0x67d2c9]
V  [jvm.dll+0x834afa]
V  [jvm.dll+0x8365be]
V  [jvm.dll+0x836c23]
V  [jvm.dll+0x2477ff]
V  [jvm.dll+0xac514]
V  [jvm.dll+0xacb5c]
V  [jvm.dll+0x584b24]
V  [jvm.dll+0x2228a2]
V  [jvm.dll+0x21b942]
V  [jvm.dll+0x219201]
V  [jvm.dll+0x1a502d]
V  [jvm.dll+0x2290de]
V  [jvm.dll+0x2272ac]
V  [jvm.dll+0x7e9bb7]
V  [jvm.dll+0x7e3fba]
V  [jvm.dll+0x67c1b5]
C  [ucrtbase.dll+0x29333]
C  [KERNEL32.DLL+0x1257d]
C  [ntdll.dll+0x5af08]


---------------  P R O C E S S  ---------------

Threads class SMR info:
_java_thread_list=0x0000021368345160, length=21, elements={
0x0000021361be8870, 0x0000021361be9230, 0x0000021361c40f40, 0x0000021361c41810,
0x0000021361c44890, 0x0000021361c45160, 0x0000021361c46e40, 0x0000021361c4fda0,
0x0000021361c60390, 0x0000021361a6acc0, 0x0000021361fd67e0, 0x000002136633ce30,
0x000002136633dac0, 0x0000021367edf690, 0x0000021367ee4aa0, 0x000002136804e5a0,
0x000002136633d310, 0x00000213681fc7b0, 0x00000213684a5b30, 0x0000021368092ed0,
0x0000021368094310
}

Java Threads: ( => current thread )
  0x0000021361be8870 JavaThread "Reference Handler" daemon [_thread_blocked, id=6612, stack(0x000000d927d00000,0x000000d927e00000)]
  0x0000021361be9230 JavaThread "Finalizer" daemon [_thread_blocked, id=22976, stack(0x000000d927e00000,0x000000d927f00000)]
  0x0000021361c40f40 JavaThread "Signal Dispatcher" daemon [_thread_blocked, id=19448, stack(0x000000d927f00000,0x000000d928000000)]
  0x0000021361c41810 JavaThread "Attach Listener" daemon [_thread_blocked, id=27504, stack(0x000000d928000000,0x000000d928100000)]
  0x0000021361c44890 JavaThread "Service Thread" daemon [_thread_blocked, id=31444, stack(0x000000d928100000,0x000000d928200000)]
  0x0000021361c45160 JavaThread "Monitor Deflation Thread" daemon [_thread_blocked, id=29052, stack(0x000000d928200000,0x000000d928300000)]
=>0x0000021361c46e40 JavaThread "C2 CompilerThread0" daemon [_thread_in_native, id=4432, stack(0x000000d928300000,0x000000d928400000)]
  0x0000021361c4fda0 JavaThread "C1 CompilerThread0" daemon [_thread_blocked, id=25320, stack(0x000000d928400000,0x000000d928500000)]
  0x0000021361c60390 JavaThread "Sweeper thread" daemon [_thread_blocked, id=29216, stack(0x000000d928500000,0x000000d928600000)]
  0x0000021361a6acc0 JavaThread "Common-Cleaner" daemon [_thread_blocked, id=9752, stack(0x000000d928700000,0x000000d928800000)]
  0x0000021361fd67e0 JavaThread "Notification Thread" daemon [_thread_blocked, id=29924, stack(0x000000d928b00000,0x000000d928c00000)]
  0x000002136633ce30 JavaThread "Java2D Disposer" daemon [_thread_blocked, id=1476, stack(0x000000d928d00000,0x000000d928e00000)]
  0x000002136633dac0 JavaThread "AWT-Windows" daemon [_thread_in_native, id=31280, stack(0x000000d928f00000,0x000000d929000000)]
  0x0000021367edf690 JavaThread "oracle.jdbc.diagnostics.Diagnostic.CLOCK" daemon [_thread_blocked, id=24184, stack(0x000000d929000000,0x000000d929100000)]
  0x0000021367ee4aa0 JavaThread "oracle.jdbc.driver.BlockSource.ThreadedCachingBlockSource.BlockReleaser" daemon [_thread_blocked, id=12120, stack(0x000000d929100000,0x000000d929200000)]
  0x000002136804e5a0 JavaThread "InterruptTimer" daemon [_thread_blocked, id=8156, stack(0x000000d92a000000,0x000000d92a100000)]
  0x000002136633d310 JavaThread "OJDBC-WORKER-THREAD-1" daemon [_thread_blocked, id=25040, stack(0x000000d928e00000,0x000000d928f00000)]
  0x00000213681fc7b0 JavaThread "AWT-Shutdown" [_thread_blocked, id=2732, stack(0x000000d92a500000,0x000000d92a600000)]
  0x00000213684a5b30 JavaThread "AWT-EventQueue-0" [_thread_blocked, id=12396, stack(0x000000d92a600000,0x000000d92a700000)]
  0x0000021368092ed0 JavaThread "DestroyJavaVM" [_thread_blocked, id=22716, stack(0x000000d927600000,0x000000d927700000)]
  0x0000021368094310 JavaThread "TimerQueue" daemon [_thread_blocked, id=31364, stack(0x000000d929e00000,0x000000d929f00000)]

Other Threads:
  0x0000021361be4720 VMThread "VM Thread" [stack: 0x000000d927c00000,0x000000d927d00000] [id=12724]
  0x0000021361fa5750 WatcherThread [stack: 0x000000d928c00000,0x000000d928d00000] [id=6512]
  0x0000021346f2ae60 GCTaskThread "GC Thread#0" [stack: 0x000000d927700000,0x000000d927800000] [id=7568]
  0x0000021367f153f0 GCTaskThread "GC Thread#1" [stack: 0x000000d928800000,0x000000d928900000] [id=11816]
  0x0000021367f156b0 GCTaskThread "GC Thread#2" [stack: 0x000000d929200000,0x000000d929300000] [id=28560]
  0x0000021367f17980 GCTaskThread "GC Thread#3" [stack: 0x000000d929300000,0x000000d929400000] [id=10884]
  0x00000213666b4250 GCTaskThread "GC Thread#4" [stack: 0x000000d929400000,0x000000d929500000] [id=13388]
  0x00000213666b4920 GCTaskThread "GC Thread#5" [stack: 0x000000d929500000,0x000000d929600000] [id=27704]
  0x00000213666b4be0 GCTaskThread "GC Thread#6" [stack: 0x000000d929600000,0x000000d929700000] [id=15516]
  0x00000213666b4ea0 GCTaskThread "GC Thread#7" [stack: 0x000000d929700000,0x000000d929800000] [id=8612]
  0x00000213666b5160 GCTaskThread "GC Thread#8" [stack: 0x000000d929800000,0x000000d929900000] [id=13488]
  0x00000213666b6430 GCTaskThread "GC Thread#9" [stack: 0x000000d929900000,0x000000d929a00000] [id=22008]
  0x00000213666b66f0 GCTaskThread "GC Thread#10" [stack: 0x000000d929a00000,0x000000d929b00000] [id=31392]
  0x000002136800d7e0 GCTaskThread "GC Thread#11" [stack: 0x000000d92a100000,0x000000d92a200000] [id=30616]
  0x000002136800cce0 GCTaskThread "GC Thread#12" [stack: 0x000000d92a200000,0x000000d92a300000] [id=19192]
  0x000002136800ca20 GCTaskThread "GC Thread#13" [stack: 0x000000d92a300000,0x000000d92a400000] [id=25844]
  0x000002136800cfa0 GCTaskThread "GC Thread#14" [stack: 0x000000d92a400000,0x000000d92a500000] [id=2648]
  0x0000021346f3b830 ConcurrentGCThread "G1 Main Marker" [stack: 0x000000d927800000,0x000000d927900000] [id=31552]
  0x0000021346f3e100 ConcurrentGCThread "G1 Conc#0" [stack: 0x000000d927900000,0x000000d927a00000] [id=1652]
  0x0000021367f1b650 ConcurrentGCThread "G1 Conc#1" [stack: 0x000000d929b00000,0x000000d929c00000] [id=1540]
  0x0000021367f1b910 ConcurrentGCThread "G1 Conc#2" [stack: 0x000000d929c00000,0x000000d929d00000] [id=19232]
  0x0000021361f6aed0 ConcurrentGCThread "G1 Conc#3" [stack: 0x000000d929d00000,0x000000d929e00000] [id=26920]
  0x0000021361927250 ConcurrentGCThread "G1 Refine#0" [stack: 0x000000d927a00000,0x000000d927b00000] [id=29168]
  0x0000021361927b20 ConcurrentGCThread "G1 Service" [stack: 0x000000d927b00000,0x000000d927c00000] [id=25360]

Threads with active compile tasks:
C2 CompilerThread0    12619 3843       4       sun.java2d.marlin.MarlinTileGenerator::getAlphaRLE (1749 bytes)

VM state: not at safepoint (normal execution)

VM Mutex/Monitor currently owned by a thread: None

Heap address: 0x0000000085e00000, size: 1954 MB, Compressed Oops mode: 32-bit

CDS archive(s) not mapped
Compressed class space mapped at: 0x0000000100000000-0x0000000140000000, reserved size: 1073741824
Narrow klass base: 0x0000000000000000, Narrow klass shift: 3, Narrow klass range: 0x140000000

GC Precious Log:
 CPUs: 20 total, 20 available
 Memory: 7812M
 Large Page Support: Disabled
 NUMA Support: Disabled
 Compressed Oops: Enabled (32-bit)
 Heap Region Size: 1M
 Heap Min Capacity: 8M
 Heap Initial Capacity: 124M
 Heap Max Capacity: 1954M
 Pre-touch: Disabled
 Parallel Workers: 15
 Concurrent Workers: 4
 Concurrent Refinement Workers: 15
 Periodic GC: Disabled

Heap:
 garbage-first heap   total 75776K, used 11771K [0x0000000085e00000, 0x0000000100000000)
  region size 1024K, 2 young (2048K), 1 survivors (1024K)
 Metaspace       used 33102K, committed 33344K, reserved 1114112K
  class space    used 3424K, committed 3520K, reserved 1048576K

Heap Regions: E=young(eden), S=young(survivor), O=old, HS=humongous(starts), HC=humongous(continues), CS=collection set, F=free, OA=open archive, CA=closed archive, TAMS=top-at-mark-start (previous, next)
|   0|0x0000000085e00000, 0x0000000085f00000, 0x0000000085f00000|100%| O|  |TAMS 0x0000000085f00000, 0x0000000085e00000| Untracked 
|   1|0x0000000085f00000, 0x0000000086000000, 0x0000000086000000|100%| O|  |TAMS 0x0000000086000000, 0x0000000085f00000| Untracked 
|   2|0x0000000086000000, 0x0000000086100000, 0x0000000086100000|100%| O|  |TAMS 0x0000000086100000, 0x0000000086000000| Untracked 
|   3|0x0000000086100000, 0x0000000086200000, 0x0000000086200000|100%| O|  |TAMS 0x0000000086200000, 0x0000000086100000| Untracked 
|   4|0x0000000086200000, 0x0000000086300000, 0x0000000086300000|100%| O|  |TAMS 0x0000000086300000, 0x0000000086200000| Untracked 
|   5|0x0000000086300000, 0x0000000086400000, 0x0000000086400000|100%| O|  |TAMS 0x0000000086400000, 0x0000000086300000| Untracked 
|   6|0x0000000086400000, 0x0000000086500000, 0x0000000086500000|100%| O|  |TAMS 0x0000000086500000, 0x0000000086400000| Untracked 
|   7|0x0000000086500000, 0x0000000086600000, 0x0000000086600000|100%| O|  |TAMS 0x0000000086600000, 0x0000000086500000| Untracked 
|   8|0x0000000086600000, 0x0000000086700000, 0x0000000086700000|100%|HS|  |TAMS 0x0000000086700000, 0x0000000086600000| Complete 
|   9|0x0000000086700000, 0x0000000086800000, 0x0000000086800000|100%|HC|  |TAMS 0x0000000086800000, 0x0000000086700000| Complete 
|  10|0x0000000086800000, 0x0000000086900000, 0x0000000086900000|100%|HC|  |TAMS 0x0000000086900000, 0x0000000086800000| Complete 
|  11|0x0000000086900000, 0x0000000086960800, 0x0000000086a00000| 37%| O|  |TAMS 0x0000000086960608, 0x0000000086900000| Untracked 
|  12|0x0000000086a00000, 0x0000000086a00000, 0x0000000086b00000|  0%| F|  |TAMS 0x0000000086a00000, 0x0000000086a00000| Untracked 
|  13|0x0000000086b00000, 0x0000000086b00000, 0x0000000086c00000|  0%| F|  |TAMS 0x0000000086b00000, 0x0000000086b00000| Untracked 
|  14|0x0000000086c00000, 0x0000000086c00000, 0x0000000086d00000|  0%| F|  |TAMS 0x0000000086c00000, 0x0000000086c00000| Untracked 
|  15|0x0000000086d00000, 0x0000000086d00000, 0x0000000086e00000|  0%| F|  |TAMS 0x0000000086d00000, 0x0000000086d00000| Untracked 
|  16|0x0000000086e00000, 0x0000000086e00000, 0x0000000086f00000|  0%| F|  |TAMS 0x0000000086e00000, 0x0000000086e00000| Untracked 
|  17|0x0000000086f00000, 0x0000000086f1e788, 0x0000000087000000| 11%| S|CS|TAMS 0x0000000086f00000, 0x0000000086f00000| Complete 
|  18|0x0000000087000000, 0x0000000087000000, 0x0000000087100000|  0%| F|  |TAMS 0x0000000087000000, 0x0000000087000000| Untracked 
|  19|0x0000000087100000, 0x0000000087100000, 0x0000000087200000|  0%| F|  |TAMS 0x0000000087100000, 0x0000000087100000| Untracked 
|  20|0x0000000087200000, 0x0000000087200000, 0x0000000087300000|  0%| F|  |TAMS 0x0000000087200000, 0x0000000087200000| Untracked 
|  21|0x0000000087300000, 0x0000000087300000, 0x0000000087400000|  0%| F|  |TAMS 0x0000000087300000, 0x0000000087300000| Untracked 
|  22|0x0000000087400000, 0x0000000087400000, 0x0000000087500000|  0%| F|  |TAMS 0x0000000087400000, 0x0000000087400000| Untracked 
|  23|0x0000000087500000, 0x0000000087500000, 0x0000000087600000|  0%| F|  |TAMS 0x0000000087500000, 0x0000000087500000| Untracked 
|  24|0x0000000087600000, 0x0000000087600000, 0x0000000087700000|  0%| F|  |TAMS 0x0000000087600000, 0x0000000087600000| Untracked 
|  25|0x0000000087700000, 0x0000000087700000, 0x0000000087800000|  0%| F|  |TAMS 0x0000000087700000, 0x0000000087700000| Untracked 
|  26|0x0000000087800000, 0x0000000087800000, 0x0000000087900000|  0%| F|  |TAMS 0x0000000087800000, 0x0000000087800000| Untracked 
|  27|0x0000000087900000, 0x0000000087900000, 0x0000000087a00000|  0%| F|  |TAMS 0x0000000087900000, 0x0000000087900000| Untracked 
|  28|0x0000000087a00000, 0x0000000087a00000, 0x0000000087b00000|  0%| F|  |TAMS 0x0000000087a00000, 0x0000000087a00000| Untracked 
|  29|0x0000000087b00000, 0x0000000087b00000, 0x0000000087c00000|  0%| F|  |TAMS 0x0000000087b00000, 0x0000000087b00000| Untracked 
|  30|0x0000000087c00000, 0x0000000087c00000, 0x0000000087d00000|  0%| F|  |TAMS 0x0000000087c00000, 0x0000000087c00000| Untracked 
|  31|0x0000000087d00000, 0x0000000087d00000, 0x0000000087e00000|  0%| F|  |TAMS 0x0000000087d00000, 0x0000000087d00000| Untracked 
|  32|0x0000000087e00000, 0x0000000087e00000, 0x0000000087f00000|  0%| F|  |TAMS 0x0000000087e00000, 0x0000000087e00000| Untracked 
|  33|0x0000000087f00000, 0x0000000087f00000, 0x0000000088000000|  0%| F|  |TAMS 0x0000000087f00000, 0x0000000087f00000| Untracked 
|  34|0x0000000088000000, 0x0000000088000000, 0x0000000088100000|  0%| F|  |TAMS 0x0000000088000000, 0x0000000088000000| Untracked 
|  35|0x0000000088100000, 0x0000000088100000, 0x0000000088200000|  0%| F|  |TAMS 0x0000000088100000, 0x0000000088100000| Untracked 
|  36|0x0000000088200000, 0x0000000088200000, 0x0000000088300000|  0%| F|  |TAMS 0x0000000088200000, 0x0000000088200000| Untracked 
|  37|0x0000000088300000, 0x0000000088300000, 0x0000000088400000|  0%| F|  |TAMS 0x0000000088300000, 0x0000000088300000| Untracked 
|  38|0x0000000088400000, 0x0000000088400000, 0x0000000088500000|  0%| F|  |TAMS 0x0000000088400000, 0x0000000088400000| Untracked 
|  39|0x0000000088500000, 0x0000000088500000, 0x0000000088600000|  0%| F|  |TAMS 0x0000000088500000, 0x0000000088500000| Untracked 
|  40|0x0000000088600000, 0x0000000088600000, 0x0000000088700000|  0%| F|  |TAMS 0x0000000088600000, 0x0000000088600000| Untracked 
|  41|0x0000000088700000, 0x0000000088700000, 0x0000000088800000|  0%| F|  |TAMS 0x0000000088700000, 0x0000000088700000| Untracked 
|  42|0x0000000088800000, 0x0000000088800000, 0x0000000088900000|  0%| F|  |TAMS 0x0000000088800000, 0x0000000088800000| Untracked 
|  43|0x0000000088900000, 0x0000000088900000, 0x0000000088a00000|  0%| F|  |TAMS 0x0000000088900000, 0x0000000088900000| Untracked 
|  44|0x0000000088a00000, 0x0000000088a00000, 0x0000000088b00000|  0%| F|  |TAMS 0x0000000088a00000, 0x0000000088a00000| Untracked 
|  45|0x0000000088b00000, 0x0000000088b00000, 0x0000000088c00000|  0%| F|  |TAMS 0x0000000088b00000, 0x0000000088b00000| Untracked 
|  46|0x0000000088c00000, 0x0000000088c00000, 0x0000000088d00000|  0%| F|  |TAMS 0x0000000088c00000, 0x0000000088c00000| Untracked 
|  47|0x0000000088d00000, 0x0000000088d00000, 0x0000000088e00000|  0%| F|  |TAMS 0x0000000088d00000, 0x0000000088d00000| Untracked 
|  48|0x0000000088e00000, 0x0000000088e00000, 0x0000000088f00000|  0%| F|  |TAMS 0x0000000088e00000, 0x0000000088e00000| Untracked 
|  49|0x0000000088f00000, 0x0000000088f00000, 0x0000000089000000|  0%| F|  |TAMS 0x0000000088f00000, 0x0000000088f00000| Untracked 
|  50|0x0000000089000000, 0x0000000089000000, 0x0000000089100000|  0%| F|  |TAMS 0x0000000089000000, 0x0000000089000000| Untracked 
|  51|0x0000000089100000, 0x0000000089100000, 0x0000000089200000|  0%| F|  |TAMS 0x0000000089100000, 0x0000000089100000| Untracked 
|  52|0x0000000089200000, 0x0000000089200000, 0x0000000089300000|  0%| F|  |TAMS 0x0000000089200000, 0x0000000089200000| Untracked 
|  53|0x0000000089300000, 0x0000000089300000, 0x0000000089400000|  0%| F|  |TAMS 0x0000000089300000, 0x0000000089300000| Untracked 
|  54|0x0000000089400000, 0x0000000089400000, 0x0000000089500000|  0%| F|  |TAMS 0x0000000089400000, 0x0000000089400000| Untracked 
|  55|0x0000000089500000, 0x0000000089500000, 0x0000000089600000|  0%| F|  |TAMS 0x0000000089500000, 0x0000000089500000| Untracked 
|  56|0x0000000089600000, 0x0000000089600000, 0x0000000089700000|  0%| F|  |TAMS 0x0000000089600000, 0x0000000089600000| Untracked 
|  57|0x0000000089700000, 0x0000000089700000, 0x0000000089800000|  0%| F|  |TAMS 0x0000000089700000, 0x0000000089700000| Untracked 
|  58|0x0000000089800000, 0x0000000089800000, 0x0000000089900000|  0%| F|  |TAMS 0x0000000089800000, 0x0000000089800000| Untracked 
|  59|0x0000000089900000, 0x0000000089900000, 0x0000000089a00000|  0%| F|  |TAMS 0x0000000089900000, 0x0000000089900000| Untracked 
|  60|0x0000000089a00000, 0x0000000089a00000, 0x0000000089b00000|  0%| F|  |TAMS 0x0000000089a00000, 0x0000000089a00000| Untracked 
|  61|0x0000000089b00000, 0x0000000089b00000, 0x0000000089c00000|  0%| F|  |TAMS 0x0000000089b00000, 0x0000000089b00000| Untracked 
|  62|0x0000000089c00000, 0x0000000089c00000, 0x0000000089d00000|  0%| F|  |TAMS 0x0000000089c00000, 0x0000000089c00000| Untracked 
|  63|0x0000000089d00000, 0x0000000089d00000, 0x0000000089e00000|  0%| F|  |TAMS 0x0000000089d00000, 0x0000000089d00000| Untracked 
|  64|0x0000000089e00000, 0x0000000089e00000, 0x0000000089f00000|  0%| F|  |TAMS 0x0000000089e00000, 0x0000000089e00000| Untracked 
|  65|0x0000000089f00000, 0x0000000089f00000, 0x000000008a000000|  0%| F|  |TAMS 0x0000000089f00000, 0x0000000089f00000| Untracked 
|  66|0x000000008a000000, 0x000000008a000000, 0x000000008a100000|  0%| F|  |TAMS 0x000000008a000000, 0x000000008a000000| Untracked 
|  67|0x000000008a100000, 0x000000008a100000, 0x000000008a200000|  0%| F|  |TAMS 0x000000008a100000, 0x000000008a100000| Untracked 
|  68|0x000000008a200000, 0x000000008a200000, 0x000000008a300000|  0%| F|  |TAMS 0x000000008a200000, 0x000000008a200000| Untracked 
|  69|0x000000008a300000, 0x000000008a300000, 0x000000008a400000|  0%| F|  |TAMS 0x000000008a300000, 0x000000008a300000| Untracked 
|  98|0x000000008c000000, 0x000000008c000000, 0x000000008c100000|  0%| F|  |TAMS 0x000000008c000000, 0x000000008c000000| Untracked 
|  99|0x000000008c100000, 0x000000008c100000, 0x000000008c200000|  0%| F|  |TAMS 0x000000008c100000, 0x000000008c100000| Untracked 
| 100|0x000000008c200000, 0x000000008c200000, 0x000000008c300000|  0%| F|  |TAMS 0x000000008c200000, 0x000000008c200000| Untracked 
| 123|0x000000008d900000, 0x000000008d994900, 0x000000008da00000| 58%| E|  |TAMS 0x000000008d900000, 0x000000008d900000| Complete 

Card table byte_map: [0x000002135a410000,0x000002135a7f0000] _byte_map_base: 0x0000021359fe1000

Marking Bits (Prev, Next): (CMBitMap*) 0x0000021346f2b320, (CMBitMap*) 0x0000021346f2b360
 Prev Bits: [0x000002135abd0000, 0x000002135ca58000)
 Next Bits: [0x000002135ca60000, 0x000002135e8e8000)

Polling page: 0x0000021344e30000

Metaspace:

Usage:
  Non-class:     28.98 MB used.
      Class:      3.34 MB used.
       Both:     32.33 MB used.

Virtual space:
  Non-class space:       64.00 MB reserved,      29.12 MB ( 46%) committed,  1 nodes.
      Class space:        1.00 GB reserved,       3.44 MB ( <1%) committed,  1 nodes.
             Both:        1.06 GB reserved,      32.56 MB (  3%) committed. 

Chunk freelists:
   Non-Class:  2.86 MB
       Class:  12.57 MB
        Both:  15.43 MB

MaxMetaspaceSize: unlimited
CompressedClassSpaceSize: 1.00 GB
Initial GC threshold: 21.00 MB
Current GC threshold: 53.06 MB
CDS: off
MetaspaceReclaimPolicy: balanced
 - commit_granule_bytes: 65536.
 - commit_granule_words: 8192.
 - virtual_space_node_default_size: 8388608.
 - enlarge_chunks_in_place: 1.
 - new_chunks_are_fully_committed: 0.
 - uncommit_free_chunks: 1.
 - use_allocation_guard: 0.
 - handle_deallocations: 1.


Internal statistics:

num_allocs_failed_limit: 3.
num_arena_births: 204.
num_arena_deaths: 0.
num_vsnodes_births: 2.
num_vsnodes_deaths: 0.
num_space_committed: 521.
num_space_uncommitted: 0.
num_chunks_returned_to_freelist: 3.
num_chunks_taken_from_freelist: 603.
num_chunk_merges: 0.
num_chunk_splits: 378.
num_chunks_enlarged: 237.
num_inconsistent_stats: 0.

CodeHeap 'non-profiled nmethods': size=119168Kb used=1617Kb max_used=1617Kb free=117550Kb
 bounds [0x0000021352130000, 0x00000213523a0000, 0x0000021359590000]
CodeHeap 'profiled nmethods': size=119104Kb used=8103Kb max_used=8103Kb free=111000Kb
 bounds [0x000002134a590000, 0x000002134ad80000, 0x00000213519e0000]
CodeHeap 'non-nmethods': size=7488Kb used=1409Kb max_used=3144Kb free=6078Kb
 bounds [0x00000213519e0000, 0x0000021351d00000, 0x0000021352130000]
 total_blobs=4611 nmethods=3840 adapters=683
 compilation: enabled
              stopped_count=0, restarted_count=0
 full_count=0

Compilation events (20 events):
Event: 12.291 Thread 0x0000021361c4fda0 nmethod 3834 0x00000213522c3690 code [0x00000213522c3820, 0x00000213522c38f8]
Event: 12.293 Thread 0x0000021361c4fda0 3835  s    3       sun.awt.image.BufImgSurfaceData::getDeviceConfiguration (31 bytes)
Event: 12.294 Thread 0x0000021361c4fda0 nmethod 3835 0x000002134ad77710 code [0x000002134ad778c0, 0x000002134ad77b68]
Event: 12.294 Thread 0x0000021361c4fda0 3836       3       sun.awt.image.BufferedImageGraphicsConfig::getDefaultTransform (12 bytes)
Event: 12.294 Thread 0x0000021361c4fda0 nmethod 3836 0x000002134ad77c10 code [0x000002134ad77da0, 0x000002134ad77ee8]
Event: 12.294 Thread 0x0000021361c4fda0 3837       3       sun.awt.image.BufImgSurfaceData::getBounds (22 bytes)
Event: 12.294 Thread 0x0000021361c4fda0 nmethod 3837 0x000002134ad77f90 code [0x000002134ad78140, 0x000002134ad78408]
Event: 12.294 Thread 0x0000021361c4fda0 3839       3       javax.swing.JComponent::getFontMetrics (6 bytes)
Event: 12.295 Thread 0x0000021361c4fda0 nmethod 3839 0x000002134ad78590 code [0x000002134ad78740, 0x000002134ad78958]
Event: 12.295 Thread 0x0000021361c4fda0 3838       3       java.awt.Rectangle::<init> (9 bytes)
Event: 12.295 Thread 0x0000021361c4fda0 nmethod 3838 0x000002134ad78a90 code [0x000002134ad78c40, 0x000002134ad78ed8]
Event: 12.552 Thread 0x0000021361c4fda0 3840       3       java.util.Arrays::fill (21 bytes)
Event: 12.553 Thread 0x0000021361c4fda0 nmethod 3840 0x000002134ad79010 code [0x000002134ad791a0, 0x000002134ad79358]
Event: 12.553 Thread 0x0000021361c4fda0 3841       1       javax.swing.text.DefaultCaret::setMagicCaretPosition (6 bytes)
Event: 12.553 Thread 0x0000021361c4fda0 nmethod 3841 0x00000213522c3990 code [0x00000213522c3b20, 0x00000213522c3c38]
Event: 12.554 Thread 0x0000021361c46e40 3842       4       sun.java2d.marlin.Renderer::curveBreakIntoLinesAndAdd (500 bytes)
Event: 12.554 Thread 0x0000021361c4fda0 3844       3       sun.font.FontDesignMetrics::charWidth (30 bytes)
Event: 12.555 Thread 0x0000021361c4fda0 nmethod 3844 0x000002134ad79490 code [0x000002134ad796a0, 0x000002134ad79bb8]
Event: 12.559 Thread 0x0000021361c46e40 nmethod 3842 0x00000213522c3c90 code [0x00000213522c3f20, 0x00000213522c42b8]
Event: 12.559 Thread 0x0000021361c46e40 3843       4       sun.java2d.marlin.MarlinTileGenerator::getAlphaRLE (1749 bytes)

GC Heap History (14 events):
Event: 0.951 GC heap before
{Heap before GC invocations=0 (full 0):
 garbage-first heap   total 126976K, used 21504K [0x0000000085e00000, 0x0000000100000000)
  region size 1024K, 23 young (23552K), 0 survivors (0K)
 Metaspace       used 21355K, committed 21504K, reserved 1114112K
  class space    used 2205K, committed 2304K, reserved 1048576K
}
Event: 0.956 GC heap after
{Heap after GC invocations=1 (full 0):
 garbage-first heap   total 126976K, used 5240K [0x0000000085e00000, 0x0000000100000000)
  region size 1024K, 3 young (3072K), 3 survivors (3072K)
 Metaspace       used 21355K, committed 21504K, reserved 1114112K
  class space    used 2205K, committed 2304K, reserved 1048576K
}
Event: 1.391 GC heap before
{Heap before GC invocations=2 (full 0):
 garbage-first heap   total 24576K, used 16504K [0x0000000085e00000, 0x0000000100000000)
  region size 1024K, 14 young (14336K), 3 survivors (3072K)
 Metaspace       used 25859K, committed 26048K, reserved 1114112K
  class space    used 2714K, committed 2816K, reserved 1048576K
}
Event: 1.396 GC heap after
{Heap after GC invocations=3 (full 0):
 garbage-first heap   total 24576K, used 7124K [0x0000000085e00000, 0x0000000100000000)
  region size 1024K, 2 young (2048K), 2 survivors (2048K)
 Metaspace       used 25859K, committed 26048K, reserved 1114112K
  class space    used 2714K, committed 2816K, reserved 1048576K
}
Event: 1.467 GC heap before
{Heap before GC invocations=3 (full 0):
 garbage-first heap   total 24576K, used 8148K [0x0000000085e00000, 0x0000000100000000)
  region size 1024K, 3 young (3072K), 2 survivors (2048K)
 Metaspace       used 27373K, committed 27584K, reserved 1114112K
  class space    used 2878K, committed 3008K, reserved 1048576K
}
Event: 1.470 GC heap after
{Heap after GC invocations=4 (full 0):
 garbage-first heap   total 24576K, used 7792K [0x0000000085e00000, 0x0000000100000000)
  region size 1024K, 1 young (1024K), 1 survivors (1024K)
 Metaspace       used 27373K, committed 27584K, reserved 1114112K
  class space    used 2878K, committed 3008K, reserved 1048576K
}
Event: 3.298 GC heap before
{Heap before GC invocations=4 (full 0):
 garbage-first heap   total 24576K, used 19056K [0x0000000085e00000, 0x0000000100000000)
  region size 1024K, 9 young (9216K), 1 survivors (1024K)
 Metaspace       used 31829K, committed 32128K, reserved 1114112K
  class space    used 3344K, committed 3456K, reserved 1048576K
}
Event: 3.300 GC heap after
{Heap after GC invocations=5 (full 0):
 garbage-first heap   total 24576K, used 11727K [0x0000000085e00000, 0x0000000100000000)
  region size 1024K, 2 young (2048K), 2 survivors (2048K)
 Metaspace       used 31829K, committed 32128K, reserved 1114112K
  class space    used 3344K, committed 3456K, reserved 1048576K
}
Event: 3.493 GC heap before
{Heap before GC invocations=5 (full 0):
 garbage-first heap   total 24576K, used 17871K [0x0000000085e00000, 0x0000000100000000)
  region size 1024K, 8 young (8192K), 2 survivors (2048K)
 Metaspace       used 32145K, committed 32384K, reserved 1114112K
  class space    used 3344K, committed 3456K, reserved 1048576K
}
Event: 3.495 GC heap after
{Heap after GC invocations=6 (full 0):
 garbage-first heap   total 24576K, used 11847K [0x0000000085e00000, 0x0000000100000000)
  region size 1024K, 1 young (1024K), 1 survivors (1024K)
 Metaspace       used 32145K, committed 32384K, reserved 1114112K
  class space    used 3344K, committed 3456K, reserved 1048576K
}
Event: 3.705 GC heap before
{Heap before GC invocations=6 (full 0):
 garbage-first heap   total 24576K, used 16967K [0x0000000085e00000, 0x0000000100000000)
  region size 1024K, 7 young (7168K), 1 survivors (1024K)
 Metaspace       used 32289K, committed 32576K, reserved 1114112K
  class space    used 3344K, committed 3456K, reserved 1048576K
}
Event: 3.707 GC heap after
{Heap after GC invocations=7 (full 0):
 garbage-first heap   total 24576K, used 11730K [0x0000000085e00000, 0x0000000100000000)
  region size 1024K, 1 young (1024K), 1 survivors (1024K)
 Metaspace       used 32289K, committed 32576K, reserved 1114112K
  class space    used 3344K, committed 3456K, reserved 1048576K
}
Event: 11.461 GC heap before
{Heap before GC invocations=8 (full 0):
 garbage-first heap   total 24576K, used 16850K [0x0000000085e00000, 0x0000000100000000)
  region size 1024K, 7 young (7168K), 1 survivors (1024K)
 Metaspace       used 33083K, committed 33344K, reserved 1114112K
  class space    used 3424K, committed 3520K, reserved 1048576K
}
Event: 11.464 GC heap after
{Heap after GC invocations=9 (full 0):
 garbage-first heap   total 75776K, used 11771K [0x0000000085e00000, 0x0000000100000000)
  region size 1024K, 1 young (1024K), 1 survivors (1024K)
 Metaspace       used 33083K, committed 33344K, reserved 1114112K
  class space    used 3424K, committed 3520K, reserved 1048576K
}

Dll operation events (12 events):
Event: 0.007 Loaded shared library D:\application\ProgramingTools\Tools\SpringBoot\sts-4.22.0.RELEASE\plugins\org.eclipse.justj.openjdk.hotspot.jre.full.win32.x86_64_17.0.10.v20240120-1143\jre\bin\java.dll
Event: 0.144 Loaded shared library D:\application\ProgramingTools\Tools\SpringBoot\sts-4.22.0.RELEASE\plugins\org.eclipse.justj.openjdk.hotspot.jre.full.win32.x86_64_17.0.10.v20240120-1143\jre\bin\net.dll
Event: 0.146 Loaded shared library D:\application\ProgramingTools\Tools\SpringBoot\sts-4.22.0.RELEASE\plugins\org.eclipse.justj.openjdk.hotspot.jre.full.win32.x86_64_17.0.10.v20240120-1143\jre\bin\nio.dll
Event: 0.195 Loaded shared library D:\application\ProgramingTools\Tools\SpringBoot\sts-4.22.0.RELEASE\plugins\org.eclipse.justj.openjdk.hotspot.jre.full.win32.x86_64_17.0.10.v20240120-1143\jre\bin\zip.dll
Event: 0.260 Loaded shared library D:\application\ProgramingTools\Tools\SpringBoot\sts-4.22.0.RELEASE\plugins\org.eclipse.justj.openjdk.hotspot.jre.full.win32.x86_64_17.0.10.v20240120-1143\jre\bin\jimage.dll
Event: 0.313 Loaded shared library D:\application\ProgramingTools\Tools\SpringBoot\sts-4.22.0.RELEASE\plugins\org.eclipse.justj.openjdk.hotspot.jre.full.win32.x86_64_17.0.10.v20240120-1143\jre\bin\awt.dll
Event: 0.466 Loaded shared library D:\application\ProgramingTools\Tools\SpringBoot\sts-4.22.0.RELEASE\plugins\org.eclipse.justj.openjdk.hotspot.jre.full.win32.x86_64_17.0.10.v20240120-1143\jre\bin\freetype.dll
Event: 0.467 Loaded shared library D:\application\ProgramingTools\Tools\SpringBoot\sts-4.22.0.RELEASE\plugins\org.eclipse.justj.openjdk.hotspot.jre.full.win32.x86_64_17.0.10.v20240120-1143\jre\bin\fontmanager.dll
Event: 0.546 Loaded shared library D:\application\ProgramingTools\Tools\SpringBoot\sts-4.22.0.RELEASE\plugins\org.eclipse.justj.openjdk.hotspot.jre.full.win32.x86_64_17.0.10.v20240120-1143\jre\bin\management.dll
Event: 0.557 Loaded shared library D:\application\ProgramingTools\Tools\SpringBoot\sts-4.22.0.RELEASE\plugins\org.eclipse.justj.openjdk.hotspot.jre.full.win32.x86_64_17.0.10.v20240120-1143\jre\bin\management_ext.dll
Event: 1.127 Loaded shared library D:\application\ProgramingTools\Tools\SpringBoot\sts-4.22.0.RELEASE\plugins\org.eclipse.justj.openjdk.hotspot.jre.full.win32.x86_64_17.0.10.v20240120-1143\jre\bin\sunmscapi.dll
Event: 1.605 Loaded shared library D:\application\ProgramingTools\Tools\SpringBoot\sts-4.22.0.RELEASE\plugins\org.eclipse.justj.openjdk.hotspot.jre.full.win32.x86_64_17.0.10.v20240120-1143\jre\bin\verify.dll

Deoptimization events (20 events):
Event: 7.754 Thread 0x00000213684a5b30 DEOPT PACKING pc=0x00000213521c6088 sp=0x000000d92a6fe880
Event: 7.754 Thread 0x00000213684a5b30 DEOPT UNPACKING pc=0x0000021351a369a3 sp=0x000000d92a6fe808 mode 2
Event: 7.754 Thread 0x00000213684a5b30 Uncommon trap: trap_request=0xffffffde fr.pc=0x00000213521c6088 relative=0x0000000000000188
Event: 7.754 Thread 0x00000213684a5b30 Uncommon trap: reason=class_check action=maybe_recompile pc=0x00000213521c6088 method=java.lang.String.equals(Ljava/lang/Object;)Z @ 8 c2
Event: 7.754 Thread 0x00000213684a5b30 DEOPT PACKING pc=0x00000213521c6088 sp=0x000000d92a6fe880
Event: 7.754 Thread 0x00000213684a5b30 DEOPT UNPACKING pc=0x0000021351a369a3 sp=0x000000d92a6fe808 mode 2
Event: 7.754 Thread 0x00000213684a5b30 Uncommon trap: trap_request=0xffffffde fr.pc=0x00000213521c6088 relative=0x0000000000000188
Event: 7.754 Thread 0x00000213684a5b30 Uncommon trap: reason=class_check action=maybe_recompile pc=0x00000213521c6088 method=java.lang.String.equals(Ljava/lang/Object;)Z @ 8 c2
Event: 7.754 Thread 0x00000213684a5b30 DEOPT PACKING pc=0x00000213521c6088 sp=0x000000d92a6fe880
Event: 7.754 Thread 0x00000213684a5b30 DEOPT UNPACKING pc=0x0000021351a369a3 sp=0x000000d92a6fe808 mode 2
Event: 7.759 Thread 0x00000213684a5b30 DEOPT PACKING pc=0x000002134ad00f05 sp=0x000000d92a6fd990
Event: 7.759 Thread 0x00000213684a5b30 DEOPT UNPACKING pc=0x0000021351a37143 sp=0x000000d92a6fce00 mode 0
Event: 9.274 Thread 0x00000213684a5b30 DEOPT PACKING pc=0x000002134ad00f05 sp=0x000000d92a6fd990
Event: 9.274 Thread 0x00000213684a5b30 DEOPT UNPACKING pc=0x0000021351a37143 sp=0x000000d92a6fce00 mode 0
Event: 11.468 Thread 0x00000213684a5b30 Uncommon trap: trap_request=0xffffff45 fr.pc=0x000002135229c464 relative=0x0000000000000ba4
Event: 11.468 Thread 0x00000213684a5b30 Uncommon trap: reason=unstable_if action=reinterpret pc=0x000002135229c464 method=java.awt.Font.equals(Ljava/lang/Object;)Z @ 100 c2
Event: 11.468 Thread 0x00000213684a5b30 DEOPT PACKING pc=0x000002135229c464 sp=0x000000d92a6fe550
Event: 11.468 Thread 0x00000213684a5b30 DEOPT UNPACKING pc=0x0000021351a369a3 sp=0x000000d92a6fe2b8 mode 2
Event: 12.554 Thread 0x00000213684a5b30 DEOPT PACKING pc=0x000002134ad00f05 sp=0x000000d92a6fd990
Event: 12.554 Thread 0x00000213684a5b30 DEOPT UNPACKING pc=0x0000021351a37143 sp=0x000000d92a6fce00 mode 0

Classes unloaded (0 events):
No events

Classes redefined (0 events):
No events

Internal exceptions (20 events):
Event: 1.141 Thread 0x0000021346ed1360 Exception <a 'java/lang/ClassNotFoundException'{0x0000000086eec820}: jdk/net/ExtendedSocketOptions> (0x0000000086eec820) 
thrown [s\src\hotspot\share\classfile\systemDictionary.cpp, line 256]
Event: 1.168 Thread 0x0000021346ed1360 Exception <a 'java/lang/NoSuchMethodError'{0x0000000086d72978}: 'java.lang.Object java.lang.invoke.DirectMethodHandle$Holder.newInvokeSpecial(java.lang.Object, java.lang.Object, java.lang.Object, int)'> (0x0000000086d72978) 
thrown [s\src\hotspot\share\interpreter\linkResolver.cpp, line 759]
Event: 1.168 Thread 0x0000021346ed1360 Exception <a 'java/lang/NoSuchMethodError'{0x0000000086d76d58}: 'java.lang.Object java.lang.invoke.DirectMethodHandle$Holder.invokeSpecial(java.lang.Object, java.lang.Object, java.lang.Object, java.lang.Object, int)'> (0x0000000086d76d58) 
thrown [s\src\hotspot\share\interpreter\linkResolver.cpp, line 759]
Event: 1.169 Thread 0x0000021346ed1360 Exception <a 'java/lang/NoSuchMethodError'{0x0000000086d7a920}: 'java.lang.Object java.lang.invoke.Invokers$Holder.linkToTargetMethod(java.lang.Object, java.lang.Object, int, java.lang.Object)'> (0x0000000086d7a920) 
thrown [s\src\hotspot\share\interpreter\linkResolver.cpp, line 759]
Event: 1.199 Thread 0x0000021346ed1360 Exception <a 'java/lang/NoSuchMethodError'{0x0000000086d8e640}: 'int java.lang.invoke.DirectMethodHandle$Holder.invokeSpecialIFC(java.lang.Object, java.lang.Object, java.lang.Object)'> (0x0000000086d8e640) 
thrown [s\src\hotspot\share\interpreter\linkResolver.cpp, line 759]
Event: 1.207 Thread 0x0000021346ed1360 Exception <a 'java/lang/NoSuchMethodError'{0x0000000086dc7e78}: 'java.lang.Object java.lang.invoke.DirectMethodHandle$Holder.invokeVirtual(java.lang.Object, java.lang.Object, int)'> (0x0000000086dc7e78) 
thrown [s\src\hotspot\share\interpreter\linkResolver.cpp, line 759]
Event: 1.221 Thread 0x0000021346ed1360 Exception <a 'sun/nio/fs/WindowsException'{0x0000000086c6d808}> (0x0000000086c6d808) 
thrown [s\src\hotspot\share\prims\jni.cpp, line 516]
Event: 1.225 Thread 0x0000021346ed1360 Exception <a 'sun/nio/fs/WindowsException'{0x0000000086c7ec20}> (0x0000000086c7ec20) 
thrown [s\src\hotspot\share\prims\jni.cpp, line 516]
Event: 1.352 Thread 0x0000021346ed1360 Implicit null exception at 0x00000213521b6cd3 to 0x00000213521b7644
Event: 1.380 Thread 0x0000021346ed1360 Exception <a 'java/lang/NoSuchMethodError'{0x0000000086808520}: 'java.lang.Object java.lang.invoke.DirectMethodHandle$Holder.newInvokeSpecial(java.lang.Object, java.lang.Object, int)'> (0x0000000086808520) 
thrown [s\src\hotspot\share\interpreter\linkResolver.cpp, line 759]
Event: 1.413 Thread 0x00000213684a5b30 Exception <a 'java/lang/ClassNotFoundException'{0x000000008d91c890}: com/sun/swing/internal/plaf/synth/resources/spi/synthProvider> (0x000000008d91c890) 
thrown [s\src\hotspot\share\classfile\systemDictionary.cpp, line 256]
Event: 1.490 Thread 0x00000213684a5b30 Exception <a 'sun/nio/fs/WindowsException'{0x000000008d922e88}> (0x000000008d922e88) 
thrown [s\src\hotspot\share\prims\jni.cpp, line 516]
Event: 1.502 Thread 0x00000213684a5b30 Exception <a 'java/lang/ClassNotFoundException'{0x000000008d98a478}: java/lang/ObjectCustomizer> (0x000000008d98a478) 
thrown [s\src\hotspot\share\classfile\systemDictionary.cpp, line 256]
Event: 1.504 Thread 0x00000213684a5b30 Exception <a 'java/lang/IncompatibleClassChangeError'{0x000000008d98ecf8}: Found class java.lang.Object, but interface was expected> (0x000000008d98ecf8) 
thrown [s\src\hotspot\share\interpreter\linkResolver.cpp, line 826]
Event: 1.510 Thread 0x00000213684a5b30 Exception <a 'java/lang/ClassNotFoundException'{0x000000008d9ad4d0}: net/miginfocom/layout/UnitValueCustomizer> (0x000000008d9ad4d0) 
thrown [s\src\hotspot\share\classfile\systemDictionary.cpp, line 256]
Event: 1.512 Thread 0x00000213684a5b30 Exception <a 'java/lang/ClassNotFoundException'{0x000000008d9ce920}: java/lang/ObjectCustomizer> (0x000000008d9ce920) 
thrown [s\src\hotspot\share\classfile\systemDictionary.cpp, line 256]
Event: 1.512 Thread 0x00000213684a5b30 Exception <a 'java/lang/ClassNotFoundException'{0x000000008d9d3580}: net/miginfocom/layout/BoundSizeCustomizer> (0x000000008d9d3580) 
thrown [s\src\hotspot\share\classfile\systemDictionary.cpp, line 256]
Event: 1.542 Thread 0x0000021368091fa0 Exception <a 'java/lang/NoSuchMethodError'{0x000000008c175a70}: 'java.lang.Object java.lang.invoke.DirectMethodHandle$Holder.newInvokeSpecial(java.lang.Object, java.lang.Object, java.lang.Object, int, int, int, int, int)'> (0x000000008c175a70) 
thrown [s\src\hotspot\share\interpreter\linkResolver.cpp, line 759]
Event: 1.550 Thread 0x0000021368091fa0 Exception <a 'java/lang/InterruptedException'{0x000000008c1a4d90}: sleep interrupted> (0x000000008c1a4d90) 
thrown [s\src\hotspot\share\prims\jvm.cpp, line 3038]
Event: 5.193 Thread 0x00000213684a5b30 Implicit null exception at 0x0000021352277a6c to 0x0000021352277cf4

VM Operations (20 events):
Event: 3.715 Executing VM operation: G1PauseCleanup
Event: 3.715 Executing VM operation: G1PauseCleanup done
Event: 4.715 Executing VM operation: Cleanup
Event: 4.715 Executing VM operation: Cleanup done
Event: 5.209 Executing VM operation: HandshakeAllThreads
Event: 5.209 Executing VM operation: HandshakeAllThreads done
Event: 6.209 Executing VM operation: Cleanup
Event: 6.209 Executing VM operation: Cleanup done
Event: 8.221 Executing VM operation: Cleanup
Event: 8.221 Executing VM operation: Cleanup done
Event: 9.222 Executing VM operation: Cleanup
Event: 9.222 Executing VM operation: Cleanup done
Event: 10.231 Executing VM operation: Cleanup
Event: 10.231 Executing VM operation: Cleanup done
Event: 11.242 Executing VM operation: Cleanup
Event: 11.242 Executing VM operation: Cleanup done
Event: 11.460 Executing VM operation: G1CollectForAllocation
Event: 11.464 Executing VM operation: G1CollectForAllocation done
Event: 12.464 Executing VM operation: Cleanup
Event: 12.464 Executing VM operation: Cleanup done

Events (20 events):
Event: 7.752 loading class com/sun/beans/util/Cache$Kind$Strong done
Event: 7.752 loading class javax/swing/text/JTextComponent$4$1
Event: 7.752 loading class javax/swing/text/JTextComponent$4$1 done
Event: 7.752 loading class java/io/ObjectOutputStream
Event: 7.753 loading class java/io/ObjectStreamConstants
Event: 7.753 loading class java/io/ObjectStreamConstants done
Event: 7.753 loading class java/io/ObjectOutputStream done
Event: 7.753 loading class javax/accessibility/AccessibleContext
Event: 7.753 loading class javax/accessibility/AccessibleContext done
Event: 7.754 loading class javax/swing/JComponent$ActionStandin
Event: 7.754 loading class javax/swing/JComponent$ActionStandin done
Event: 7.754 loading class javax/swing/event/UndoableEditEvent
Event: 7.754 loading class javax/swing/event/UndoableEditEvent done
Event: 7.754 loading class javax/swing/text/AbstractDocument$DefaultDocumentEventUndoableWrapper
Event: 7.754 loading class sun/swing/text/UndoableEditLockSupport
Event: 7.754 loading class sun/swing/text/UndoableEditLockSupport done
Event: 7.754 loading class javax/swing/text/AbstractDocument$DefaultDocumentEventUndoableWrapper done
Event: 7.754 loading class javax/swing/event/UndoableEditListener
Event: 7.754 loading class javax/swing/event/UndoableEditListener done
Event: 11.149 Thread 0x0000021361c97f20 Thread exited: 0x0000021361c97f20


Dynamic libraries:
0x00007ff646900000 - 0x00007ff64690e000 	D:\application\ProgramingTools\Tools\SpringBoot\sts-4.22.0.RELEASE\plugins\org.eclipse.justj.openjdk.hotspot.jre.full.win32.x86_64_17.0.10.v20240120-1143\jre\bin\javaw.exe
0x00007ffa5f7d0000 - 0x00007ffa5f9e7000 	C:\WINDOWS\SYSTEM32\ntdll.dll
0x00007ffa5e380000 - 0x00007ffa5e444000 	C:\WINDOWS\System32\KERNEL32.DLL
0x00007ffa5cf80000 - 0x00007ffa5d337000 	C:\WINDOWS\System32\KERNELBASE.dll
0x00007ffa5ccf0000 - 0x00007ffa5ce01000 	C:\WINDOWS\System32\ucrtbase.dll
0x00007ffa578f0000 - 0x00007ffa57907000 	D:\application\ProgramingTools\Tools\SpringBoot\sts-4.22.0.RELEASE\plugins\org.eclipse.justj.openjdk.hotspot.jre.full.win32.x86_64_17.0.10.v20240120-1143\jre\bin\jli.dll
0x00007ffa569d0000 - 0x00007ffa569eb000 	D:\application\ProgramingTools\Tools\SpringBoot\sts-4.22.0.RELEASE\plugins\org.eclipse.justj.openjdk.hotspot.jre.full.win32.x86_64_17.0.10.v20240120-1143\jre\bin\VCRUNTIME140.dll
0x00007ffa5dfc0000 - 0x00007ffa5e16f000 	C:\WINDOWS\System32\USER32.dll
0x00007ffa5cf50000 - 0x00007ffa5cf76000 	C:\WINDOWS\System32\win32u.dll
0x00007ffa40430000 - 0x00007ffa406c3000 	C:\WINDOWS\WinSxS\amd64_microsoft.windows.common-controls_6595b64144ccf1df_6.0.22621.3672_none_2713b9d173822955\COMCTL32.dll
0x00007ffa5e5d0000 - 0x00007ffa5e5f9000 	C:\WINDOWS\System32\GDI32.dll
0x00007ffa5e4a0000 - 0x00007ffa5e547000 	C:\WINDOWS\System32\msvcrt.dll
0x00007ffa5d3e0000 - 0x00007ffa5d4f8000 	C:\WINDOWS\System32\gdi32full.dll
0x00007ffa5cc50000 - 0x00007ffa5ccea000 	C:\WINDOWS\System32\msvcp_win.dll
0x00007ffa5e1d0000 - 0x00007ffa5e201000 	C:\WINDOWS\System32\IMM32.DLL
0x00007ffa578e0000 - 0x00007ffa578ec000 	D:\application\ProgramingTools\Tools\SpringBoot\sts-4.22.0.RELEASE\plugins\org.eclipse.justj.openjdk.hotspot.jre.full.win32.x86_64_17.0.10.v20240120-1143\jre\bin\vcruntime140_1.dll
0x00007ffa4b3f0000 - 0x00007ffa4b47d000 	D:\application\ProgramingTools\Tools\SpringBoot\sts-4.22.0.RELEASE\plugins\org.eclipse.justj.openjdk.hotspot.jre.full.win32.x86_64_17.0.10.v20240120-1143\jre\bin\msvcp140.dll
0x00007ff9d05b0000 - 0x00007ff9d1212000 	D:\application\ProgramingTools\Tools\SpringBoot\sts-4.22.0.RELEASE\plugins\org.eclipse.justj.openjdk.hotspot.jre.full.win32.x86_64_17.0.10.v20240120-1143\jre\bin\server\jvm.dll
0x00007ffa5dd90000 - 0x00007ffa5de42000 	C:\WINDOWS\System32\ADVAPI32.dll
0x00007ffa5d620000 - 0x00007ffa5d6c8000 	C:\WINDOWS\System32\sechost.dll
0x00007ffa5d3b0000 - 0x00007ffa5d3d8000 	C:\WINDOWS\System32\bcrypt.dll
0x00007ffa5d500000 - 0x00007ffa5d614000 	C:\WINDOWS\System32\RPCRT4.dll
0x00007ffa31a00000 - 0x00007ffa31a09000 	C:\WINDOWS\SYSTEM32\WSOCK32.dll
0x00007ffa560f0000 - 0x00007ffa56124000 	C:\WINDOWS\SYSTEM32\WINMM.dll
0x00007ffa5e550000 - 0x00007ffa5e5c1000 	C:\WINDOWS\System32\WS2_32.dll
0x00007ffa5b990000 - 0x00007ffa5b9dd000 	C:\WINDOWS\SYSTEM32\POWRPROF.dll
0x00007ffa53e10000 - 0x00007ffa53e1a000 	C:\WINDOWS\SYSTEM32\VERSION.dll
0x00007ffa5b970000 - 0x00007ffa5b983000 	C:\WINDOWS\SYSTEM32\UMPDC.dll
0x00007ffa5bbc0000 - 0x00007ffa5bbd8000 	C:\WINDOWS\SYSTEM32\kernel.appcore.dll
0x00007ffa578d0000 - 0x00007ffa578da000 	D:\application\ProgramingTools\Tools\SpringBoot\sts-4.22.0.RELEASE\plugins\org.eclipse.justj.openjdk.hotspot.jre.full.win32.x86_64_17.0.10.v20240120-1143\jre\bin\jimage.dll
0x00007ffa59dc0000 - 0x00007ffa59ff2000 	C:\WINDOWS\SYSTEM32\DBGHELP.DLL
0x00007ffa5f3c0000 - 0x00007ffa5f74e000 	C:\WINDOWS\System32\combase.dll
0x00007ffa5e600000 - 0x00007ffa5e6d7000 	C:\WINDOWS\System32\OLEAUT32.dll
0x00007ff9e20b0000 - 0x00007ff9e20e2000 	C:\WINDOWS\SYSTEM32\dbgcore.DLL
0x00007ffa5ced0000 - 0x00007ffa5cf4b000 	C:\WINDOWS\System32\bcryptPrimitives.dll
0x00007ffa4b3c0000 - 0x00007ffa4b3e5000 	D:\application\ProgramingTools\Tools\SpringBoot\sts-4.22.0.RELEASE\plugins\org.eclipse.justj.openjdk.hotspot.jre.full.win32.x86_64_17.0.10.v20240120-1143\jre\bin\java.dll
0x00007ffa4cc40000 - 0x00007ffa4cc58000 	D:\application\ProgramingTools\Tools\SpringBoot\sts-4.22.0.RELEASE\plugins\org.eclipse.justj.openjdk.hotspot.jre.full.win32.x86_64_17.0.10.v20240120-1143\jre\bin\zip.dll
0x00007ffa5eb50000 - 0x00007ffa5f3b9000 	C:\WINDOWS\System32\SHELL32.dll
0x00007ffa5aa20000 - 0x00007ffa5b31f000 	C:\WINDOWS\SYSTEM32\windows.storage.dll
0x00007ffa5a8e0000 - 0x00007ffa5aa1f000 	C:\WINDOWS\SYSTEM32\wintypes.dll
0x00007ffa5d7b0000 - 0x00007ffa5d8a9000 	C:\WINDOWS\System32\SHCORE.dll
0x00007ffa5e170000 - 0x00007ffa5e1ce000 	C:\WINDOWS\System32\shlwapi.dll
0x00007ffa5ca10000 - 0x00007ffa5ca37000 	C:\WINDOWS\SYSTEM32\profapi.dll
0x00007ffa4b3a0000 - 0x00007ffa4b3b9000 	D:\application\ProgramingTools\Tools\SpringBoot\sts-4.22.0.RELEASE\plugins\org.eclipse.justj.openjdk.hotspot.jre.full.win32.x86_64_17.0.10.v20240120-1143\jre\bin\net.dll
0x00007ffa583c0000 - 0x00007ffa584f6000 	C:\WINDOWS\SYSTEM32\WINHTTP.dll
0x00007ffa5c090000 - 0x00007ffa5c0f9000 	C:\WINDOWS\system32\mswsock.dll
0x00007ffa4b380000 - 0x00007ffa4b396000 	D:\application\ProgramingTools\Tools\SpringBoot\sts-4.22.0.RELEASE\plugins\org.eclipse.justj.openjdk.hotspot.jre.full.win32.x86_64_17.0.10.v20240120-1143\jre\bin\nio.dll
0x00007ffa2a660000 - 0x00007ffa2a7f0000 	D:\application\ProgramingTools\Tools\SpringBoot\sts-4.22.0.RELEASE\plugins\org.eclipse.justj.openjdk.hotspot.jre.full.win32.x86_64_17.0.10.v20240120-1143\jre\bin\awt.dll
0x00007ffa565a0000 - 0x00007ffa56637000 	C:\WINDOWS\SYSTEM32\apphelp.dll
0x00007ffa59740000 - 0x00007ffa597f1000 	C:\WINDOWS\system32\uxtheme.dll
0x00007ffa5e210000 - 0x00007ffa5e370000 	C:\WINDOWS\System32\MSCTF.dll
0x00007ffa5e7e0000 - 0x00007ffa5e985000 	C:\WINDOWS\System32\ole32.dll
0x00007ffa599d0000 - 0x00007ffa599fb000 	C:\WINDOWS\system32\DWMAPI.DLL
0x00007ffa37830000 - 0x00007ffa378b7000 	D:\application\ProgramingTools\Tools\SpringBoot\sts-4.22.0.RELEASE\plugins\org.eclipse.justj.openjdk.hotspot.jre.full.win32.x86_64_17.0.10.v20240120-1143\jre\bin\freetype.dll
0x00007ffa29110000 - 0x00007ffa291e3000 	D:\application\ProgramingTools\Tools\SpringBoot\sts-4.22.0.RELEASE\plugins\org.eclipse.justj.openjdk.hotspot.jre.full.win32.x86_64_17.0.10.v20240120-1143\jre\bin\fontmanager.dll
0x00007ffa50ec0000 - 0x00007ffa50ec9000 	D:\application\ProgramingTools\Tools\SpringBoot\sts-4.22.0.RELEASE\plugins\org.eclipse.justj.openjdk.hotspot.jre.full.win32.x86_64_17.0.10.v20240120-1143\jre\bin\management.dll
0x00007ffa45200000 - 0x00007ffa4520b000 	D:\application\ProgramingTools\Tools\SpringBoot\sts-4.22.0.RELEASE\plugins\org.eclipse.justj.openjdk.hotspot.jre.full.win32.x86_64_17.0.10.v20240120-1143\jre\bin\management_ext.dll
0x00007ffa5dee0000 - 0x00007ffa5dee8000 	C:\WINDOWS\System32\PSAPI.DLL
0x00007ffa2d5a0000 - 0x00007ffa2d5b7000 	C:\WINDOWS\system32\napinsp.dll
0x00007ffa2d580000 - 0x00007ffa2d59b000 	C:\WINDOWS\system32\pnrpnsp.dll
0x00007ffa5b620000 - 0x00007ffa5b722000 	C:\WINDOWS\SYSTEM32\DNSAPI.dll
0x00007ffa5b5f0000 - 0x00007ffa5b61d000 	C:\WINDOWS\SYSTEM32\IPHLPAPI.DLL
0x00007ffa5e370000 - 0x00007ffa5e379000 	C:\WINDOWS\System32\NSI.dll
0x00007ffa2cfa0000 - 0x00007ffa2cfb1000 	C:\WINDOWS\System32\winrnr.dll
0x00007ffa56ad0000 - 0x00007ffa56ae5000 	C:\WINDOWS\system32\wshbth.dll
0x00007ffa2cde0000 - 0x00007ffa2ce07000 	C:\WINDOWS\system32\nlansp_c.dll
0x00007ffa57d70000 - 0x00007ffa57d7a000 	C:\Windows\System32\rasadhlp.dll
0x00007ffa56d50000 - 0x00007ffa56dd3000 	C:\WINDOWS\System32\fwpuclnt.dll
0x00007ffa5c2e0000 - 0x00007ffa5c2fb000 	C:\WINDOWS\SYSTEM32\CRYPTSP.dll
0x00007ffa5bb80000 - 0x00007ffa5bbb5000 	C:\WINDOWS\system32\rsaenh.dll
0x00007ffa5c180000 - 0x00007ffa5c1a8000 	C:\WINDOWS\SYSTEM32\USERENV.dll
0x00007ffa5c300000 - 0x00007ffa5c30c000 	C:\WINDOWS\SYSTEM32\CRYPTBASE.dll
0x00007ffa57ca0000 - 0x00007ffa57cb9000 	C:\WINDOWS\SYSTEM32\dhcpcsvc6.DLL
0x00007ffa57cc0000 - 0x00007ffa57cdf000 	C:\WINDOWS\SYSTEM32\dhcpcsvc.DLL
0x00007ffa56aa0000 - 0x00007ffa56aae000 	D:\application\ProgramingTools\Tools\SpringBoot\sts-4.22.0.RELEASE\plugins\org.eclipse.justj.openjdk.hotspot.jre.full.win32.x86_64_17.0.10.v20240120-1143\jre\bin\sunmscapi.dll
0x00007ffa5cae0000 - 0x00007ffa5cc46000 	C:\WINDOWS\System32\CRYPT32.dll
0x00007ffa5c4a0000 - 0x00007ffa5c4cd000 	C:\WINDOWS\SYSTEM32\ncrypt.dll
0x00007ffa5c460000 - 0x00007ffa5c497000 	C:\WINDOWS\SYSTEM32\NTASN1.dll
0x00007ffa2c6d0000 - 0x00007ffa2c6d8000 	C:\WINDOWS\system32\wshunix.dll
0x00007ffa29010000 - 0x00007ffa29110000 	C:\WINDOWS\system32\opengl32.dll
0x00007ffa4cc70000 - 0x00007ffa4cc9d000 	C:\WINDOWS\SYSTEM32\GLU32.dll
0x00007ffa5a1f0000 - 0x00007ffa5a227000 	C:\WINDOWS\SYSTEM32\dxcore.dll
0x00007ffa577b0000 - 0x00007ffa577c0000 	D:\application\ProgramingTools\Tools\SpringBoot\sts-4.22.0.RELEASE\plugins\org.eclipse.justj.openjdk.hotspot.jre.full.win32.x86_64_17.0.10.v20240120-1143\jre\bin\verify.dll
0x00007ffa5df10000 - 0x00007ffa5dfc0000 	C:\WINDOWS\System32\clbcatq.dll
0x00007ffa59540000 - 0x00007ffa596f1000 	C:\WINDOWS\SYSTEM32\WindowsCodecs.dll
0x00007ffa3f320000 - 0x00007ffa3f37e000 	C:\WINDOWS\system32\dataexchange.dll
0x00007ffa51d00000 - 0x00007ffa51fa2000 	C:\WINDOWS\system32\twinapi.appcore.dll
0x00007ffa2a3b0000 - 0x00007ffa2a4f3000 	C:\WINDOWS\SYSTEM32\textinputframework.dll
0x00007ffa55de0000 - 0x00007ffa55f13000 	C:\WINDOWS\SYSTEM32\CoreMessaging.dll
0x00007ffa53580000 - 0x00007ffa538ed000 	C:\WINDOWS\SYSTEM32\CoreUIComponents.dll

dbghelp: loaded successfully - version: 4.0.5 - missing functions: none
symbol engine: initialized successfully - sym options: 0x614 - pdb path: .;D:\application\ProgramingTools\Tools\SpringBoot\sts-4.22.0.RELEASE\plugins\org.eclipse.justj.openjdk.hotspot.jre.full.win32.x86_64_17.0.10.v20240120-1143\jre\bin;C:\WINDOWS\SYSTEM32;C:\WINDOWS\WinSxS\amd64_microsoft.windows.common-controls_6595b64144ccf1df_6.0.22621.3672_none_2713b9d173822955;D:\application\ProgramingTools\Tools\SpringBoot\sts-4.22.0.RELEASE\plugins\org.eclipse.justj.openjdk.hotspot.jre.full.win32.x86_64_17.0.10.v20240120-1143\jre\bin\server

VM Arguments:
jvm_args: -Dfile.encoding=UTF-8 -Dstdout.encoding=UTF-8 -Dstderr.encoding=UTF-8 --module-path=C:\Users\phamm\git\FlashCardAplication\FlashCard\target\classes;C:\Users\phamm\.m2\repository\com\miglayout\miglayout-swing\11.0\miglayout-swing-11.0.jar;C:\Users\phamm\.m2\repository\com\miglayout\miglayout-core\11.0\miglayout-core-11.0.jar;C:\Users\phamm\.m2\repository\com\kenai\nbpwr\org-jdesktop-animation-timing\1.0-201002281504\org-jdesktop-animation-timing-1.0-201002281504.jar;C:\Users\phamm\.m2\repository\net\java\dev\timingframework\timingframework\1.0\timingframework-1.0.jar;C:\Users\phamm\.m2\repository\com\sun\mail\javax.mail\1.6.2\javax.mail-1.6.2.jar;C:\Users\phamm\.m2\repository\org\jsoup\jsoup\1.15.4\jsoup-1.15.4.jar -XX:+ShowCodeDetailsInExceptionMessages -Djdk.module.main=FlashCard 
java_command: FlashCard/com.flashcard.controller.ConntrollerLoginAndRegister
java_class_path (initial): C:\Users\phamm\.m2\repository\com\oracle\database\jdbc\ojdbc11\23.3.0.23.09\ojdbc11-23.3.0.23.09.jar;C:\Users\phamm\.m2\repository\javax\activation\activation\1.1\activation-1.1.jar;D:\application\ProgramingTools\Tools\SpringBoot\SetUp\ChuanHoaFileTxt_xlsx\target\classes;C:\Users\phamm\.m2\repository\org\apache\poi\poi-ooxml\5.2.3\poi-ooxml-5.2.3.jar;C:\Users\phamm\.m2\repository\org\apache\poi\poi\5.2.3\poi-5.2.3.jar;C:\Users\phamm\.m2\repository\commons-codec\commons-codec\1.15\commons-codec-1.15.jar;C:\Users\phamm\.m2\repository\org\apache\commons\commons-math3\3.6.1\commons-math3-3.6.1.jar;C:\Users\phamm\.m2\repository\com\zaxxer\SparseBitSet\1.2\SparseBitSet-1.2.jar;C:\Users\phamm\.m2\repository\org\apache\poi\poi-ooxml-lite\5.2.3\poi-ooxml-lite-5.2.3.jar;C:\Users\phamm\.m2\repository\org\apache\xmlbeans\xmlbeans\5.1.1\xmlbeans-5.1.1.jar;C:\Users\phamm\.m2\repository\org\apache\commons\commons-compress\1.21\commons-compress-1.21.jar;C:\Users\phamm\.m2\repository\commons-io\commons-io\2.11.0\commons-io-2.11.0.jar;C:\Users\phamm\.m2\repository\com\github\virtuald\curvesapi\1.07\curvesapi-1.07.jar;C:\Users\phamm\.m2\repository\org\apache\commons\commons-collections4\4.4\commons-collections4-4.4.jar;C:\Users\phamm\.m2\repository\org\apache\logging\log4j\log4j-core\2.20.0\log4j-core-2.20.0.jar;C:\Users\phamm\.m2\repository\org\apache\logging\log4j\log4j-api\2.20.0\log4j-api-2.20.0.jar
Launcher Type: SUN_STANDARD

[Global flags]
     intx CICompilerCount                          = 12                                        {product} {ergonomic}
     uint ConcGCThreads                            = 4                                         {product} {ergonomic}
     uint G1ConcRefinementThreads                  = 15                                        {product} {ergonomic}
   size_t G1HeapRegionSize                         = 1048576                                   {product} {ergonomic}
    uintx GCDrainStackTargetSize                   = 64                                        {product} {ergonomic}
   size_t InitialHeapSize                          = 130023424                                 {product} {ergonomic}
   size_t MarkStackSize                            = 4194304                                   {product} {ergonomic}
   size_t MaxHeapSize                              = 2048917504                                {product} {ergonomic}
   size_t MaxNewSize                               = 1228931072                                {product} {ergonomic}
   size_t MinHeapDeltaBytes                        = 1048576                                   {product} {ergonomic}
   size_t MinHeapSize                              = 8388608                                   {product} {ergonomic}
    uintx NonNMethodCodeHeapSize                   = 7602480                                {pd product} {ergonomic}
    uintx NonProfiledCodeHeapSize                  = 122027880                              {pd product} {ergonomic}
    uintx ProfiledCodeHeapSize                     = 122027880                              {pd product} {ergonomic}
    uintx ReservedCodeCacheSize                    = 251658240                              {pd product} {ergonomic}
     bool SegmentedCodeCache                       = true                                      {product} {ergonomic}
     bool ShowCodeDetailsInExceptionMessages       = true                                   {manageable} {command line}
   size_t SoftMaxHeapSize                          = 2048917504                             {manageable} {ergonomic}
     bool UseCompressedClassPointers               = true                           {product lp64_product} {ergonomic}
     bool UseCompressedOops                        = true                           {product lp64_product} {ergonomic}
     bool UseG1GC                                  = true                                      {product} {ergonomic}
     bool UseLargePagesIndividualAllocation        = false                                  {pd product} {ergonomic}

Logging:
Log output configuration:
 #0: stdout all=warning uptime,level,tags
 #1: stderr all=off uptime,level,tags

Environment Variables:
JAVA_HOME=C:\ProgramingTool\LapTrinh\Java\Eclipse\JDK\SetUp
PATH=D:/application/ProgramingTools/Tools/SpringBoot/sts-4.22.0.RELEASE//plugins/org.eclipse.justj.openjdk.hotspot.jre.full.win32.x86_64_17.0.10.v20240120-1143/jre/bin/server;D:/application/ProgramingTools/Tools/SpringBoot/sts-4.22.0.RELEASE//plugins/org.eclipse.justj.openjdk.hotspot.jre.full.win32.x86_64_17.0.10.v20240120-1143/jre/bin;D:\application\ProgramingTools\Database\SqlOracle\SetUp\bin;C:\Program Files\Common Files\Oracle\Java\javapath;C:\Program Files (x86)\Common Files\Oracle\Java\java8path;C:\Program Files (x86)\Common Files\Oracle\Java\javapath;C:\Windows\system32;C:\Windows;C:\Windows\System32\Wbem;C:\Windows\System32\WindowsPowerShell\v1.0\;C:\Windows\System32\OpenSSH\;C:\Program Files (x86)\NVIDIA Corporation\PhysX\Common;C:\Program Files\NVIDIA Corporation\NVIDIA NvDLISR;C:\WINDOWS\system32;C:\WINDOWS;C:\WINDOWS\System32\Wbem;C:\WINDOWS\System32\WindowsPowerShell\v1.0\;C:\WINDOWS\System32\OpenSSH\;C:\Program Files\dotnet\;C:\ProgramingTool\LapTrinh\Java\Eclipse\JDK\SetUp\bin;C:\ProgramingTool\LapTrinh\Java\Server\TomcatServer\SetUp\apache-tomcat-9.0.86\bin;C:\Program Files\Git\cmd;C:\ProgramData\chocolatey\bin;C:\Program Files (x86)\Microsoft SQL Server\160\Tools\Binn\;C:\Program Files\Microsoft SQL Server\160\Tools\Binn\;C:\Program Files\Microsoft SQL Server\Client SDK\ODBC\170\Tools\Binn\;C:\Program Files\Microsoft SQL Server\160\DTS\Binn\;C:\Program Files (x86)\Microsoft SQL Server\160\DTS\Binn\;C:\Users\phamm\AppData\Local\Microsoft\WindowsApps;D:\application\visualcode\Microsoft VS Code\bin;C:\Users\phamm\AppData\Local\GitHubDesktop\bin;C:\Users\phamm\.dotnet\tools;D:\application\ProgramingTools\Tools\SpringBoot\sts-4.22.0.RELEASE;
USERNAME=phamm
OS=Windows_NT
PROCESSOR_IDENTIFIER=Intel64 Family 6 Model 154 Stepping 3, GenuineIntel
TMP=C:\Users\phamm\AppData\Local\Temp
TEMP=C:\Users\phamm\AppData\Local\Temp



Periodic native trim disabled


---------------  S Y S T E M  ---------------

OS:
 Windows 11 , 64 bit Build 22621 (10.0.22621.3958)
OS uptime: 1 days 21:50 hours
Hyper-V role detected

CPU: total 20 (initial active 20) (10 cores per cpu, 2 threads per core) family 6 model 154 stepping 3 microcode 0x429, cx8, cmov, fxsr, ht, mmx, 3dnowpref, sse, sse2, sse3, ssse3, sse4.1, sse4.2, popcnt, lzcnt, tsc, tscinvbit, avx, avx2, aes, erms, clmul, bmi1, bmi2, adx, sha, fma, vzeroupper, clflush, clflushopt, clwb, hv
Processor Information for processor 0
  Max Mhz: 2300, Current Mhz: 1506, Mhz Limit: 2300
Processor Information for processor 1
  Max Mhz: 2300, Current Mhz: 1506, Mhz Limit: 2300
Processor Information for processor 2
  Max Mhz: 2300, Current Mhz: 1506, Mhz Limit: 2300
Processor Information for processor 3
  Max Mhz: 2300, Current Mhz: 2300, Mhz Limit: 2300
Processor Information for processor 4
  Max Mhz: 2300, Current Mhz: 2300, Mhz Limit: 2300
Processor Information for processor 5
  Max Mhz: 2300, Current Mhz: 1506, Mhz Limit: 2300
Processor Information for processor 6
  Max Mhz: 2300, Current Mhz: 2300, Mhz Limit: 2300
Processor Information for processor 7
  Max Mhz: 2300, Current Mhz: 1506, Mhz Limit: 2300
Processor Information for processor 8
  Max Mhz: 2300, Current Mhz: 1506, Mhz Limit: 2300
Processor Information for processor 9
  Max Mhz: 2300, Current Mhz: 2300, Mhz Limit: 2300
Processor Information for processor 10
  Max Mhz: 2300, Current Mhz: 1506, Mhz Limit: 2300
Processor Information for processor 11
  Max Mhz: 2300, Current Mhz: 1506, Mhz Limit: 2300
Processor Information for processor 12
  Max Mhz: 2300, Current Mhz: 1488, Mhz Limit: 2300
Processor Information for processor 13
  Max Mhz: 2300, Current Mhz: 1488, Mhz Limit: 2300
Processor Information for processor 14
  Max Mhz: 2300, Current Mhz: 1488, Mhz Limit: 2300
Processor Information for processor 15
  Max Mhz: 2300, Current Mhz: 1488, Mhz Limit: 2300
Processor Information for processor 16
  Max Mhz: 2300, Current Mhz: 1488, Mhz Limit: 2300
Processor Information for processor 17
  Max Mhz: 2300, Current Mhz: 1488, Mhz Limit: 2300
Processor Information for processor 18
  Max Mhz: 2300, Current Mhz: 1488, Mhz Limit: 2300
Processor Information for processor 19
  Max Mhz: 2300, Current Mhz: 1488, Mhz Limit: 2300

Memory: 4k page, system-wide physical 7812M (431M free)
TotalPageFile size 31364M (AvailPageFile size 0M)
current process WorkingSet (physical memory assigned to process): 132M, peak: 162M
current process commit charge ("private bytes"): 219M, peak: 244M

vm_info: OpenJDK 64-Bit Server VM (17.0.10+7) for windows-amd64 JRE (17.0.10+7), built on Jan 16 2024 23:25:11 by "admin" with MS VC++ 16.10 / 16.11 (VS2019)

END.
