#
# There is insufficient memory for the Java Runtime Environment to continue.
# Native memory allocation (malloc) failed to allocate 32744 bytes for ChunkPool::allocate
# Possible reasons:
#   The system is out of physical RAM or swap space
#   The process is running with CompressedOops enabled, and the Java Heap may be blocking the growth of the native heap
# Possible solutions:
#   Reduce memory load on the system
#   Increase physical memory or swap space
#   Check if swap backing store is full
#   Decrease Java heap size (-Xmx/-Xms)
#   Decrease number of Java threads
#   Decrease Java thread stack sizes (-Xss)
#   Set larger code cache with -XX:ReservedCodeCacheSize=
#   JVM is running with Unscaled Compressed Oops mode in which the Java heap is
#     placed in the first 4GB address space. The Java Heap base address is the
#     maximum limit for the native heap growth. Please use -XX:HeapBaseMinAddress
#     to set the Java Heap base and to place the Java Heap above 4GB virtual address.
# This output file may be truncated or incomplete.
#
#  Out of Memory Error (arena.cpp:79), pid=29064, tid=1904
#
# JRE version: OpenJDK Runtime Environment Temurin-17.0.10+7 (17.0.10+7) (build 17.0.10+7)
# Java VM: OpenJDK 64-Bit Server VM Temurin-17.0.10+7 (17.0.10+7, mixed mode, tiered, compressed oops, compressed class ptrs, g1 gc, windows-amd64)
# No core dump will be written. Minidumps are not enabled by default on client versions of Windows
#

---------------  S U M M A R Y ------------

Command Line: -Dfile.encoding=UTF-8 -Dstdout.encoding=UTF-8 -Dstderr.encoding=UTF-8 --module-path=C:\Users\phamm\git\FlashCardAplication\FlashCard\target\classes;C:\Users\phamm\.m2\repository\com\miglayout\miglayout-swing\11.0\miglayout-swing-11.0.jar;C:\Users\phamm\.m2\repository\com\miglayout\miglayout-core\11.0\miglayout-core-11.0.jar;C:\Users\phamm\.m2\repository\com\kenai\nbpwr\org-jdesktop-animation-timing\1.0-201002281504\org-jdesktop-animation-timing-1.0-201002281504.jar;C:\Users\phamm\.m2\repository\net\java\dev\timingframework\timingframework\1.0\timingframework-1.0.jar;C:\Users\phamm\.m2\repository\com\sun\mail\javax.mail\1.6.2\javax.mail-1.6.2.jar -XX:+ShowCodeDetailsInExceptionMessages -Djdk.module.main=FlashCard FlashCard/com.flashcard.controller.ConntrollerLoginAndRegister

Host: 12th Gen Intel(R) Core(TM) i7-12700H, 20 cores, 7G,  Windows 11 , 64 bit Build 22621 (10.0.22621.3958)
Time: Tue Nov 12 14:05:42 2024 SE Asia Standard Time elapsed time: 160.907261 seconds (0d 0h 2m 40s)

---------------  T H R E A D  ---------------

Current thread (0x0000023076056840):  JavaThread "C1 CompilerThread0" daemon [_thread_in_native, id=1904, stack(0x0000007a08700000,0x0000007a08800000)]


Current CompileTask:
C1: 160907 4821   !   3       net.miginfocom.layout.ConstraintParser::parseComponentConstraint (3399 bytes)

Stack: [0x0000007a08700000,0x0000007a08800000]
Native frames: (J=compiled Java code, j=interpreted, Vv=VM code, C=native code)
V  [jvm.dll+0x67d2c9]
V  [jvm.dll+0x834afa]
V  [jvm.dll+0x8365be]
V  [jvm.dll+0x836c23]
V  [jvm.dll+0x2477ff]
V  [jvm.dll+0xac711]
V  [jvm.dll+0xacb5c]
V  [jvm.dll+0x11dad5]
V  [jvm.dll+0x17b19d]
V  [jvm.dll+0x17bd83]
V  [jvm.dll+0x136373]
V  [jvm.dll+0x135c7f]
V  [jvm.dll+0x135eb6]
V  [jvm.dll+0x13534a]
V  [jvm.dll+0x137001]
V  [jvm.dll+0x2290de]
V  [jvm.dll+0x2272ac]
V  [jvm.dll+0x7e9bb7]
V  [jvm.dll+0x7e3fba]
V  [jvm.dll+0x67c1b5]
C  [ucrtbase.dll+0x29333]
C  [KERNEL32.DLL+0x1257d]
C  [ntdll.dll+0x5af08]


---------------  P R O C E S S  ---------------

Threads class SMR info:
_java_thread_list=0x0000023078d31220, length=23, elements={
0x00000230760078c0, 0x0000023076008280, 0x000002307604be80, 0x000002307604c750,
0x000002307604f120, 0x000002307604fae0, 0x0000023076055d90, 0x0000023076056840,
0x0000023076057650, 0x00000230761803b0, 0x0000023076446150, 0x00000230766fd2f0,
0x00000230766fd7d0, 0x00000230766fdcb0, 0x0000023077e4c0f0, 0x0000023077e4ee20,
0x0000023076a53a60, 0x0000023078318850, 0x0000023078184310, 0x0000023078181a90,
0x0000023076aadc20, 0x0000023076ab06a0, 0x0000023076ab5100
}

Java Threads: ( => current thread )
  0x00000230760078c0 JavaThread "Reference Handler" daemon [_thread_blocked, id=8460, stack(0x0000007a08000000,0x0000007a08100000)]
  0x0000023076008280 JavaThread "Finalizer" daemon [_thread_blocked, id=8376, stack(0x0000007a08100000,0x0000007a08200000)]
  0x000002307604be80 JavaThread "Signal Dispatcher" daemon [_thread_blocked, id=25984, stack(0x0000007a08200000,0x0000007a08300000)]
  0x000002307604c750 JavaThread "Attach Listener" daemon [_thread_blocked, id=17556, stack(0x0000007a08300000,0x0000007a08400000)]
  0x000002307604f120 JavaThread "Service Thread" daemon [_thread_blocked, id=29148, stack(0x0000007a08400000,0x0000007a08500000)]
  0x000002307604fae0 JavaThread "Monitor Deflation Thread" daemon [_thread_blocked, id=25604, stack(0x0000007a08500000,0x0000007a08600000)]
  0x0000023076055d90 JavaThread "C2 CompilerThread0" daemon [_thread_in_native, id=12684, stack(0x0000007a08600000,0x0000007a08700000)]
=>0x0000023076056840 JavaThread "C1 CompilerThread0" daemon [_thread_in_native, id=1904, stack(0x0000007a08700000,0x0000007a08800000)]
  0x0000023076057650 JavaThread "Sweeper thread" daemon [_thread_blocked, id=28728, stack(0x0000007a08800000,0x0000007a08900000)]
  0x00000230761803b0 JavaThread "Common-Cleaner" daemon [_thread_blocked, id=20780, stack(0x0000007a08a00000,0x0000007a08b00000)]
  0x0000023076446150 JavaThread "Notification Thread" daemon [_thread_blocked, id=16440, stack(0x0000007a08e00000,0x0000007a08f00000)]
  0x00000230766fd2f0 JavaThread "Java2D Disposer" daemon [_thread_blocked, id=17320, stack(0x0000007a09000000,0x0000007a09100000)]
  0x00000230766fd7d0 JavaThread "AWT-Shutdown" [_thread_blocked, id=10080, stack(0x0000007a09100000,0x0000007a09200000)]
  0x00000230766fdcb0 JavaThread "AWT-Windows" daemon [_thread_in_native, id=21636, stack(0x0000007a09200000,0x0000007a09300000)]
  0x0000023077e4c0f0 JavaThread "oracle.jdbc.diagnostics.Diagnostic.CLOCK" daemon [_thread_blocked, id=11512, stack(0x0000007a09300000,0x0000007a09400000)]
  0x0000023077e4ee20 JavaThread "oracle.jdbc.driver.BlockSource.ThreadedCachingBlockSource.BlockReleaser" daemon [_thread_blocked, id=23648, stack(0x0000007a09400000,0x0000007a09500000)]
  0x0000023076a53a60 JavaThread "InterruptTimer" daemon [_thread_blocked, id=12236, stack(0x0000007a0a300000,0x0000007a0a400000)]
  0x0000023078318850 JavaThread "AWT-EventQueue-0" [_thread_in_Java, id=2292, stack(0x0000007a0a500000,0x0000007a0a600000)]
  0x0000023078184310 JavaThread "DestroyJavaVM" [_thread_blocked, id=12732, stack(0x0000007a07900000,0x0000007a07a00000)]
  0x0000023078181a90 JavaThread "TimerQueue" daemon [_thread_blocked, id=22024, stack(0x0000007a08d00000,0x0000007a08e00000)]
  0x0000023076aadc20 JavaThread "C1 CompilerThread1" daemon [_thread_in_native, id=8528, stack(0x0000007a07600000,0x0000007a07700000)]
  0x0000023076ab06a0 JavaThread "C1 CompilerThread2" daemon [_thread_in_vm, id=26092, stack(0x0000007a07700000,0x0000007a07800000)]
  0x0000023076ab5100 JavaThread "C2 CompilerThread1" daemon [_thread_in_native, id=5648, stack(0x0000007a07800000,0x0000007a07900000)]

Other Threads:
  0x0000023071b3eca0 VMThread "VM Thread" [stack: 0x0000007a07f00000,0x0000007a08000000] [id=9696]
  0x0000023056f220c0 WatcherThread [stack: 0x0000007a08f00000,0x0000007a09000000] [id=7660]
  0x0000023056f7b6d0 GCTaskThread "GC Thread#0" [stack: 0x0000007a07a00000,0x0000007a07b00000] [id=11488]
  0x00000230769c3bc0 GCTaskThread "GC Thread#1" [stack: 0x0000007a09500000,0x0000007a09600000] [id=3216]
  0x0000023076b93cd0 GCTaskThread "GC Thread#2" [stack: 0x0000007a09600000,0x0000007a09700000] [id=28512]
  0x0000023076b93f90 GCTaskThread "GC Thread#3" [stack: 0x0000007a09700000,0x0000007a09800000] [id=20364]
  0x0000023077efa200 GCTaskThread "GC Thread#4" [stack: 0x0000007a09800000,0x0000007a09900000] [id=4752]
  0x0000023077f2a260 GCTaskThread "GC Thread#5" [stack: 0x0000007a09900000,0x0000007a09a00000] [id=24124]
  0x0000023077f3ad40 GCTaskThread "GC Thread#6" [stack: 0x0000007a09a00000,0x0000007a09b00000] [id=29632]
  0x0000023077f3b000 GCTaskThread "GC Thread#7" [stack: 0x0000007a09b00000,0x0000007a09c00000] [id=18440]
  0x0000023077f3bad0 GCTaskThread "GC Thread#8" [stack: 0x0000007a09c00000,0x0000007a09d00000] [id=3568]
  0x0000023077f3bd90 GCTaskThread "GC Thread#9" [stack: 0x0000007a09d00000,0x0000007a09e00000] [id=6536]
  0x0000023077f3c050 GCTaskThread "GC Thread#10" [stack: 0x0000007a09e00000,0x0000007a09f00000] [id=26532]
  0x0000023056f21450 GCTaskThread "GC Thread#11" [stack: 0x0000007a0a600000,0x0000007a0a700000] [id=25216]
  0x0000023078589c80 GCTaskThread "GC Thread#12" [stack: 0x0000007a0a700000,0x0000007a0a800000] [id=19636]
  0x00000230788cc430 GCTaskThread "GC Thread#13" [stack: 0x0000007a0a800000,0x0000007a0a900000] [id=12276]
  0x00000230788cbbf0 GCTaskThread "GC Thread#14" [stack: 0x0000007a0a900000,0x0000007a0aa00000] [id=20448]
  0x0000023056f8ba60 ConcurrentGCThread "G1 Main Marker" [stack: 0x0000007a07b00000,0x0000007a07c00000] [id=2568]
  0x0000023056f8c480 ConcurrentGCThread "G1 Conc#0" [stack: 0x0000007a07c00000,0x0000007a07d00000] [id=13096]
  0x0000023077ef9140 ConcurrentGCThread "G1 Conc#1" [stack: 0x0000007a09f00000,0x0000007a0a000000] [id=14768]
  0x00000230762ae7a0 ConcurrentGCThread "G1 Conc#2" [stack: 0x0000007a0a000000,0x0000007a0a100000] [id=15404]
  0x00000230762aea60 ConcurrentGCThread "G1 Conc#3" [stack: 0x0000007a0a100000,0x0000007a0a200000] [id=23700]
  0x0000023056fcec50 ConcurrentGCThread "G1 Refine#0" [stack: 0x0000007a07d00000,0x0000007a07e00000] [id=27544]
  0x0000023071997d70 ConcurrentGCThread "G1 Service" [stack: 0x0000007a07e00000,0x0000007a07f00000] [id=1828]

Threads with active compile tasks:
C2 CompilerThread0   160934 4807       4       sun.java2d.marlin.MarlinTileGenerator::getAlphaRLE (1749 bytes)
C1 CompilerThread0   160934 4821   !   3       net.miginfocom.layout.ConstraintParser::parseComponentConstraint (3399 bytes)
C2 CompilerThread1   160934 4833       4       sun.java2d.marlin.DMarlinRenderingEngine::pathToLoop (534 bytes)

VM state: not at safepoint (normal execution)

VM Mutex/Monitor currently owned by a thread: None

Heap address: 0x0000000085e00000, size: 1954 MB, Compressed Oops mode: 32-bit

CDS archive(s) not mapped
Compressed class space mapped at: 0x0000000100000000-0x0000000140000000, reserved size: 1073741824
Narrow klass base: 0x0000000000000000, Narrow klass shift: 3, Narrow klass range: 0x140000000

GC Precious Log:
 CPUs: 20 total, 20 available
 Memory: 7812M
 Large Page Support: Disabled
 NUMA Support: Disabled
 Compressed Oops: Enabled (32-bit)
 Heap Region Size: 1M
 Heap Min Capacity: 8M
 Heap Initial Capacity: 124M
 Heap Max Capacity: 1954M
 Pre-touch: Disabled
 Parallel Workers: 15
 Concurrent Workers: 4
 Concurrent Refinement Workers: 15
 Periodic GC: Disabled

Heap:
 garbage-first heap   total 75776K, used 24430K [0x0000000085e00000, 0x0000000100000000)
  region size 1024K, 13 young (13312K), 3 survivors (3072K)
 Metaspace       used 43491K, committed 43776K, reserved 1114112K
  class space    used 4753K, committed 4864K, reserved 1048576K

Heap Regions: E=young(eden), S=young(survivor), O=old, HS=humongous(starts), HC=humongous(continues), CS=collection set, F=free, OA=open archive, CA=closed archive, TAMS=top-at-mark-start (previous, next)
|   0|0x0000000085e00000, 0x0000000085f00000, 0x0000000085f00000|100%| O|  |TAMS 0x0000000085f00000, 0x0000000085e00000| Untracked 
|   1|0x0000000085f00000, 0x0000000086000000, 0x0000000086000000|100%| O|  |TAMS 0x0000000086000000, 0x0000000085f00000| Untracked 
|   2|0x0000000086000000, 0x0000000086100000, 0x0000000086100000|100%| O|  |TAMS 0x0000000086100000, 0x0000000086000000| Untracked 
|   3|0x0000000086100000, 0x0000000086200000, 0x0000000086200000|100%| O|  |TAMS 0x0000000086200000, 0x0000000086100000| Untracked 
|   4|0x0000000086200000, 0x0000000086300000, 0x0000000086300000|100%| O|  |TAMS 0x0000000086300000, 0x0000000086200000| Untracked 
|   5|0x0000000086300000, 0x0000000086400000, 0x0000000086400000|100%| O|  |TAMS 0x0000000086400000, 0x0000000086300000| Untracked 
|   6|0x0000000086400000, 0x0000000086500000, 0x0000000086500000|100%| O|  |TAMS 0x0000000086500000, 0x0000000086400000| Untracked 
|   7|0x0000000086500000, 0x0000000086500000, 0x0000000086600000|  0%| F|  |TAMS 0x0000000086500000, 0x0000000086500000| Untracked 
|   8|0x0000000086600000, 0x0000000086700000, 0x0000000086700000|100%|HS|  |TAMS 0x0000000086700000, 0x0000000086600000| Complete 
|   9|0x0000000086700000, 0x0000000086800000, 0x0000000086800000|100%|HC|  |TAMS 0x0000000086800000, 0x0000000086700000| Complete 
|  10|0x0000000086800000, 0x0000000086900000, 0x0000000086900000|100%|HC|  |TAMS 0x0000000086900000, 0x0000000086800000| Complete 
|  11|0x0000000086900000, 0x0000000086a00000, 0x0000000086a00000|100%| O|  |TAMS 0x000000008691de00, 0x0000000086900000| Untracked 
|  12|0x0000000086a00000, 0x0000000086b00000, 0x0000000086b00000|100%| O|  |TAMS 0x0000000086a00000, 0x0000000086a00000| Untracked 
|  13|0x0000000086b00000, 0x0000000086b87a00, 0x0000000086c00000| 52%| O|  |TAMS 0x0000000086b00000, 0x0000000086b00000| Untracked 
|  14|0x0000000086c00000, 0x0000000086c00000, 0x0000000086d00000|  0%| F|  |TAMS 0x0000000086c00000, 0x0000000086c00000| Untracked 
|  15|0x0000000086d00000, 0x0000000086d00000, 0x0000000086e00000|  0%| F|  |TAMS 0x0000000086d00000, 0x0000000086d00000| Untracked 
|  16|0x0000000086e00000, 0x0000000086e00000, 0x0000000086f00000|  0%| F|  |TAMS 0x0000000086e00000, 0x0000000086e00000| Untracked 
|  17|0x0000000086f00000, 0x0000000086f00000, 0x0000000087000000|  0%| F|  |TAMS 0x0000000086f00000, 0x0000000086f00000| Untracked 
|  18|0x0000000087000000, 0x0000000087000000, 0x0000000087100000|  0%| F|  |TAMS 0x0000000087000000, 0x0000000087000000| Untracked 
|  19|0x0000000087100000, 0x0000000087100000, 0x0000000087200000|  0%| F|  |TAMS 0x0000000087100000, 0x0000000087100000| Untracked 
|  20|0x0000000087200000, 0x0000000087200000, 0x0000000087300000|  0%| F|  |TAMS 0x0000000087200000, 0x0000000087200000| Untracked 
|  21|0x0000000087300000, 0x0000000087300000, 0x0000000087400000|  0%| F|  |TAMS 0x0000000087300000, 0x0000000087300000| Untracked 
|  22|0x0000000087400000, 0x0000000087400000, 0x0000000087500000|  0%| F|  |TAMS 0x0000000087400000, 0x0000000087400000| Untracked 
|  23|0x0000000087500000, 0x0000000087500000, 0x0000000087600000|  0%| F|  |TAMS 0x0000000087500000, 0x0000000087500000| Untracked 
|  24|0x0000000087600000, 0x0000000087600000, 0x0000000087700000|  0%| F|  |TAMS 0x0000000087600000, 0x0000000087600000| Untracked 
|  25|0x0000000087700000, 0x0000000087700000, 0x0000000087800000|  0%| F|  |TAMS 0x0000000087700000, 0x0000000087700000| Untracked 
|  26|0x0000000087800000, 0x0000000087800000, 0x0000000087900000|  0%| F|  |TAMS 0x0000000087800000, 0x0000000087800000| Untracked 
|  27|0x0000000087900000, 0x0000000087900000, 0x0000000087a00000|  0%| F|  |TAMS 0x0000000087900000, 0x0000000087900000| Untracked 
|  28|0x0000000087a00000, 0x0000000087a00000, 0x0000000087b00000|  0%| F|  |TAMS 0x0000000087a00000, 0x0000000087a00000| Untracked 
|  29|0x0000000087b00000, 0x0000000087b00000, 0x0000000087c00000|  0%| F|  |TAMS 0x0000000087b00000, 0x0000000087b00000| Untracked 
|  30|0x0000000087c00000, 0x0000000087c00000, 0x0000000087d00000|  0%| F|  |TAMS 0x0000000087c00000, 0x0000000087c00000| Untracked 
|  31|0x0000000087d00000, 0x0000000087d00000, 0x0000000087e00000|  0%| F|  |TAMS 0x0000000087d00000, 0x0000000087d00000| Untracked 
|  32|0x0000000087e00000, 0x0000000087e00000, 0x0000000087f00000|  0%| F|  |TAMS 0x0000000087e00000, 0x0000000087e00000| Untracked 
|  33|0x0000000087f00000, 0x0000000087f00000, 0x0000000088000000|  0%| F|  |TAMS 0x0000000087f00000, 0x0000000087f00000| Untracked 
|  34|0x0000000088000000, 0x0000000088000000, 0x0000000088100000|  0%| F|  |TAMS 0x0000000088000000, 0x0000000088000000| Untracked 
|  35|0x0000000088100000, 0x0000000088100000, 0x0000000088200000|  0%| F|  |TAMS 0x0000000088100000, 0x0000000088100000| Untracked 
|  36|0x0000000088200000, 0x0000000088200000, 0x0000000088300000|  0%| F|  |TAMS 0x0000000088200000, 0x0000000088200000| Untracked 
|  37|0x0000000088300000, 0x0000000088300000, 0x0000000088400000|  0%| F|  |TAMS 0x0000000088300000, 0x0000000088300000| Untracked 
|  38|0x0000000088400000, 0x0000000088453fc0, 0x0000000088500000| 32%| S|CS|TAMS 0x0000000088400000, 0x0000000088400000| Complete 
|  39|0x0000000088500000, 0x0000000088600000, 0x0000000088600000|100%| S|CS|TAMS 0x0000000088500000, 0x0000000088500000| Complete 
|  40|0x0000000088600000, 0x0000000088700000, 0x0000000088700000|100%| S|CS|TAMS 0x0000000088600000, 0x0000000088600000| Complete 
|  41|0x0000000088700000, 0x0000000088700000, 0x0000000088800000|  0%| F|  |TAMS 0x0000000088700000, 0x0000000088700000| Untracked 
|  42|0x0000000088800000, 0x0000000088800000, 0x0000000088900000|  0%| F|  |TAMS 0x0000000088800000, 0x0000000088800000| Untracked 
|  43|0x0000000088900000, 0x0000000088900000, 0x0000000088a00000|  0%| F|  |TAMS 0x0000000088900000, 0x0000000088900000| Untracked 
|  44|0x0000000088a00000, 0x0000000088a00000, 0x0000000088b00000|  0%| F|  |TAMS 0x0000000088a00000, 0x0000000088a00000| Untracked 
|  45|0x0000000088b00000, 0x0000000088b00000, 0x0000000088c00000|  0%| F|  |TAMS 0x0000000088b00000, 0x0000000088b00000| Untracked 
|  46|0x0000000088c00000, 0x0000000088c00000, 0x0000000088d00000|  0%| F|  |TAMS 0x0000000088c00000, 0x0000000088c00000| Untracked 
|  47|0x0000000088d00000, 0x0000000088d00000, 0x0000000088e00000|  0%| F|  |TAMS 0x0000000088d00000, 0x0000000088d00000| Untracked 
|  48|0x0000000088e00000, 0x0000000088e00000, 0x0000000088f00000|  0%| F|  |TAMS 0x0000000088e00000, 0x0000000088e00000| Untracked 
|  49|0x0000000088f00000, 0x0000000088f00000, 0x0000000089000000|  0%| F|  |TAMS 0x0000000088f00000, 0x0000000088f00000| Untracked 
|  50|0x0000000089000000, 0x0000000089000000, 0x0000000089100000|  0%| F|  |TAMS 0x0000000089000000, 0x0000000089000000| Untracked 
|  51|0x0000000089100000, 0x0000000089100000, 0x0000000089200000|  0%| F|  |TAMS 0x0000000089100000, 0x0000000089100000| Untracked 
|  52|0x0000000089200000, 0x0000000089200000, 0x0000000089300000|  0%| F|  |TAMS 0x0000000089200000, 0x0000000089200000| Untracked 
|  53|0x0000000089300000, 0x0000000089300000, 0x0000000089400000|  0%| F|  |TAMS 0x0000000089300000, 0x0000000089300000| Untracked 
|  54|0x0000000089400000, 0x0000000089400000, 0x0000000089500000|  0%| F|  |TAMS 0x0000000089400000, 0x0000000089400000| Untracked 
|  55|0x0000000089500000, 0x0000000089500000, 0x0000000089600000|  0%| F|  |TAMS 0x0000000089500000, 0x0000000089500000| Untracked 
|  56|0x0000000089600000, 0x0000000089600000, 0x0000000089700000|  0%| F|  |TAMS 0x0000000089600000, 0x0000000089600000| Untracked 
|  57|0x0000000089700000, 0x0000000089700000, 0x0000000089800000|  0%| F|  |TAMS 0x0000000089700000, 0x0000000089700000| Untracked 
|  58|0x0000000089800000, 0x0000000089800000, 0x0000000089900000|  0%| F|  |TAMS 0x0000000089800000, 0x0000000089800000| Untracked 
|  59|0x0000000089900000, 0x0000000089900000, 0x0000000089a00000|  0%| F|  |TAMS 0x0000000089900000, 0x0000000089900000| Untracked 
|  60|0x0000000089a00000, 0x0000000089a00000, 0x0000000089b00000|  0%| F|  |TAMS 0x0000000089a00000, 0x0000000089a00000| Untracked 
|  61|0x0000000089b00000, 0x0000000089b00000, 0x0000000089c00000|  0%| F|  |TAMS 0x0000000089b00000, 0x0000000089b00000| Untracked 
|  62|0x0000000089c00000, 0x0000000089c00000, 0x0000000089d00000|  0%| F|  |TAMS 0x0000000089c00000, 0x0000000089c00000| Untracked 
|  63|0x0000000089d00000, 0x0000000089d6c2d8, 0x0000000089e00000| 42%| E|  |TAMS 0x0000000089d00000, 0x0000000089d00000| Complete 
|  64|0x0000000089e00000, 0x0000000089f00000, 0x0000000089f00000|100%| E|CS|TAMS 0x0000000089e00000, 0x0000000089e00000| Complete 
|  65|0x0000000089f00000, 0x000000008a000000, 0x000000008a000000|100%| E|CS|TAMS 0x0000000089f00000, 0x0000000089f00000| Complete 
|  66|0x000000008a000000, 0x000000008a100000, 0x000000008a100000|100%| E|CS|TAMS 0x000000008a000000, 0x000000008a000000| Complete 
|  67|0x000000008a100000, 0x000000008a200000, 0x000000008a200000|100%| E|CS|TAMS 0x000000008a100000, 0x000000008a100000| Complete 
|  68|0x000000008a200000, 0x000000008a300000, 0x000000008a300000|100%| E|CS|TAMS 0x000000008a200000, 0x000000008a200000| Complete 
|  69|0x000000008a300000, 0x000000008a400000, 0x000000008a400000|100%| E|CS|TAMS 0x000000008a300000, 0x000000008a300000| Complete 
|  99|0x000000008c100000, 0x000000008c200000, 0x000000008c200000|100%| E|CS|TAMS 0x000000008c100000, 0x000000008c100000| Complete 
| 100|0x000000008c200000, 0x000000008c300000, 0x000000008c300000|100%| E|CS|TAMS 0x000000008c200000, 0x000000008c200000| Complete 
| 101|0x000000008c300000, 0x000000008c400000, 0x000000008c400000|100%| E|CS|TAMS 0x000000008c300000, 0x000000008c300000| Complete 
| 123|0x000000008d900000, 0x000000008da00000, 0x000000008da00000|100%| E|CS|TAMS 0x000000008d900000, 0x000000008d900000| Complete 

Card table byte_map: [0x000002306a480000,0x000002306a860000] _byte_map_base: 0x000002306a051000

Marking Bits (Prev, Next): (CMBitMap*) 0x0000023056f7bcf0, (CMBitMap*) 0x0000023056f7bd30
 Prev Bits: [0x000002306ac40000, 0x000002306cac8000)
 Next Bits: [0x000002306cad0000, 0x000002306e958000)

Polling page: 0x0000023054ee0000

Metaspace:

Usage:
  Non-class:     37.83 MB used.
      Class:      4.64 MB used.
       Both:     42.47 MB used.

Virtual space:
  Non-class space:       64.00 MB reserved,      38.00 MB ( 59%) committed,  1 nodes.
      Class space:        1.00 GB reserved,       4.75 MB ( <1%) committed,  1 nodes.
             Both:        1.06 GB reserved,      42.75 MB (  4%) committed. 

Chunk freelists:
   Non-Class:  10.03 MB
       Class:  11.22 MB
        Both:  21.25 MB

MaxMetaspaceSize: unlimited
CompressedClassSpaceSize: 1.00 GB
Initial GC threshold: 21.00 MB
Current GC threshold: 58.69 MB
CDS: off
MetaspaceReclaimPolicy: balanced
 - commit_granule_bytes: 65536.
 - commit_granule_words: 8192.
 - virtual_space_node_default_size: 8388608.
 - enlarge_chunks_in_place: 1.
 - new_chunks_are_fully_committed: 0.
 - uncommit_free_chunks: 1.
 - use_allocation_guard: 0.
 - handle_deallocations: 1.


Internal statistics:

num_allocs_failed_limit: 6.
num_arena_births: 234.
num_arena_deaths: 0.
num_vsnodes_births: 2.
num_vsnodes_deaths: 0.
num_space_committed: 684.
num_space_uncommitted: 0.
num_chunks_returned_to_freelist: 6.
num_chunks_taken_from_freelist: 812.
num_chunk_merges: 6.
num_chunk_splits: 543.
num_chunks_enlarged: 380.
num_inconsistent_stats: 0.

CodeHeap 'non-profiled nmethods': size=119168Kb used=2153Kb max_used=2153Kb free=117015Kb
 bounds [0x0000023062180000, 0x00000230623f0000, 0x00000230695e0000]
CodeHeap 'profiled nmethods': size=119104Kb used=10359Kb max_used=10359Kb free=108744Kb
 bounds [0x000002305a5e0000, 0x000002305b000000, 0x0000023061a30000]
CodeHeap 'non-nmethods': size=7488Kb used=2602Kb max_used=3197Kb free=4885Kb
 bounds [0x0000023061a30000, 0x0000023061d60000, 0x0000023062180000]
 total_blobs=5735 nmethods=4879 adapters=764
 compilation: enabled
              stopped_count=0, restarted_count=0
 full_count=0

Compilation events (20 events):
Event: 160.903 Thread 0x0000023076ab06a0 4837       1       java.text.DecimalFormatSymbols::getDecimalSeparator (5 bytes)
Event: 160.903 Thread 0x0000023076aadc20 4836       1       java.text.DecimalFormatSymbols::getGroupingSeparator (5 bytes)
Event: 160.903 Thread 0x0000023076aadc20 nmethod 4836 0x0000023062396a90 code [0x0000023062396c20, 0x0000023062396cf8]
Event: 160.903 Thread 0x0000023076ab06a0 nmethod 4837 0x0000023062396d90 code [0x0000023062396f20, 0x0000023062396ff8]
Event: 160.903 Thread 0x0000023076ab06a0 4838       3       java.text.DecimalFormat::append (94 bytes)
Event: 160.903 Thread 0x0000023076aadc20 4839       3       net.miginfocom.swing.MigLayout::setComponentConstraints (8 bytes)
Event: 160.903 Thread 0x0000023076aadc20 nmethod 4839 0x000002305afd1790 code [0x000002305afd1920, 0x000002305afd1a68]
Event: 160.903 Thread 0x0000023076aadc20 4840       3       java.text.DecimalFormat::fastFormat (143 bytes)
Event: 160.904 Thread 0x0000023076ab06a0 nmethod 4838 0x000002305afd1b10 code [0x000002305afd1d00, 0x000002305afd2548]
Event: 160.904 Thread 0x0000023076ab06a0 4841       3       java.lang.Double::isInfinite (22 bytes)
Event: 160.904 Thread 0x0000023076aadc20 nmethod 4840 0x000002305afd2910 code [0x000002305afd2b80, 0x000002305afd33a8]
Event: 160.904 Thread 0x0000023076ab06a0 nmethod 4841 0x000002305afd3690 code [0x000002305afd3840, 0x000002305afd3a18]
Event: 160.904 Thread 0x0000023076ab06a0 4843       1       jdk.internal.math.FloatingDecimal$BinaryToASCIIBuffer::decimalDigitsExact (5 bytes)
Event: 160.904 Thread 0x0000023076aadc20 4842       1       jdk.internal.math.FloatingDecimal$BinaryToASCIIBuffer::digitsRoundedUp (5 bytes)
Event: 160.904 Thread 0x0000023076ab06a0 nmethod 4843 0x0000023062397090 code [0x0000023062397220, 0x00000230623972f8]
Event: 160.904 Thread 0x0000023076ab06a0 4844       1       java.lang.Double::doubleValue (5 bytes)
Event: 160.904 Thread 0x0000023076aadc20 nmethod 4842 0x0000023062397390 code [0x0000023062397520, 0x00000230623975f8]
Event: 160.904 Thread 0x0000023076ab06a0 nmethod 4844 0x0000023062397690 code [0x0000023062397820, 0x00000230623978f8]
Event: 160.904 Thread 0x0000023076aadc20 4845       3       java.awt.Component::repaint (11 bytes)
Event: 160.904 Thread 0x0000023076aadc20 nmethod 4845 0x000002305afd3a90 code [0x000002305afd3c40, 0x000002305afd3e28]

GC Heap History (18 events):
Event: 0.539 GC heap before
{Heap before GC invocations=0 (full 0):
 garbage-first heap   total 126976K, used 20480K [0x0000000085e00000, 0x0000000100000000)
  region size 1024K, 22 young (22528K), 0 survivors (0K)
 Metaspace       used 21318K, committed 21504K, reserved 1114112K
  class space    used 2204K, committed 2304K, reserved 1048576K
}
Event: 0.543 GC heap after
{Heap after GC invocations=1 (full 0):
 garbage-first heap   total 126976K, used 5330K [0x0000000085e00000, 0x0000000100000000)
  region size 1024K, 3 young (3072K), 3 survivors (3072K)
 Metaspace       used 21318K, committed 21504K, reserved 1114112K
  class space    used 2204K, committed 2304K, reserved 1048576K
}
Event: 0.874 GC heap before
{Heap before GC invocations=2 (full 0):
 garbage-first heap   total 24576K, used 15570K [0x0000000085e00000, 0x0000000100000000)
  region size 1024K, 14 young (14336K), 3 survivors (3072K)
 Metaspace       used 26644K, committed 26880K, reserved 1114112K
  class space    used 2792K, committed 2880K, reserved 1048576K
}
Event: 0.877 GC heap after
{Heap after GC invocations=3 (full 0):
 garbage-first heap   total 24576K, used 7130K [0x0000000085e00000, 0x0000000100000000)
  region size 1024K, 2 young (2048K), 2 survivors (2048K)
 Metaspace       used 26644K, committed 26880K, reserved 1114112K
  class space    used 2792K, committed 2880K, reserved 1048576K
}
Event: 0.914 GC heap before
{Heap before GC invocations=3 (full 0):
 garbage-first heap   total 24576K, used 8154K [0x0000000085e00000, 0x0000000100000000)
  region size 1024K, 3 young (3072K), 2 survivors (2048K)
 Metaspace       used 27840K, committed 28032K, reserved 1114112K
  class space    used 2933K, committed 3008K, reserved 1048576K
}
Event: 0.916 GC heap after
{Heap after GC invocations=4 (full 0):
 garbage-first heap   total 24576K, used 7573K [0x0000000085e00000, 0x0000000100000000)
  region size 1024K, 1 young (1024K), 1 survivors (1024K)
 Metaspace       used 27840K, committed 28032K, reserved 1114112K
  class space    used 2933K, committed 3008K, reserved 1048576K
}
Event: 14.733 GC heap before
{Heap before GC invocations=4 (full 0):
 garbage-first heap   total 24576K, used 17813K [0x0000000085e00000, 0x0000000100000000)
  region size 1024K, 9 young (9216K), 1 survivors (1024K)
 Metaspace       used 32618K, committed 32832K, reserved 1114112K
  class space    used 3417K, committed 3520K, reserved 1048576K
}
Event: 14.734 GC heap after
{Heap after GC invocations=5 (full 0):
 garbage-first heap   total 24576K, used 11458K [0x0000000085e00000, 0x0000000100000000)
  region size 1024K, 2 young (2048K), 2 survivors (2048K)
 Metaspace       used 32618K, committed 32832K, reserved 1114112K
  class space    used 3417K, committed 3520K, reserved 1048576K
}
Event: 14.865 GC heap before
{Heap before GC invocations=5 (full 0):
 garbage-first heap   total 24576K, used 16578K [0x0000000085e00000, 0x0000000100000000)
  region size 1024K, 8 young (8192K), 2 survivors (2048K)
 Metaspace       used 34270K, committed 34560K, reserved 1114112K
  class space    used 3673K, committed 3840K, reserved 1048576K
}
Event: 14.866 GC heap after
{Heap after GC invocations=6 (full 0):
 garbage-first heap   total 24576K, used 11597K [0x0000000085e00000, 0x0000000100000000)
  region size 1024K, 1 young (1024K), 1 survivors (1024K)
 Metaspace       used 34270K, committed 34560K, reserved 1114112K
  class space    used 3673K, committed 3840K, reserved 1048576K
}
Event: 14.906 GC heap before
{Heap before GC invocations=6 (full 0):
 garbage-first heap   total 24576K, used 14669K [0x0000000085e00000, 0x0000000100000000)
  region size 1024K, 6 young (6144K), 1 survivors (1024K)
 Metaspace       used 35710K, committed 35968K, reserved 1114112K
  class space    used 3875K, committed 4032K, reserved 1048576K
}
Event: 14.907 GC heap after
{Heap after GC invocations=7 (full 0):
 garbage-first heap   total 24576K, used 12069K [0x0000000085e00000, 0x0000000100000000)
  region size 1024K, 1 young (1024K), 1 survivors (1024K)
 Metaspace       used 35710K, committed 35968K, reserved 1114112K
  class space    used 3875K, committed 4032K, reserved 1048576K
}
Event: 15.008 GC heap before
{Heap before GC invocations=8 (full 0):
 garbage-first heap   total 24576K, used 18213K [0x0000000085e00000, 0x0000000100000000)
  region size 1024K, 7 young (7168K), 1 survivors (1024K)
 Metaspace       used 37294K, committed 37568K, reserved 1114112K
  class space    used 4152K, committed 4288K, reserved 1048576K
}
Event: 15.010 GC heap after
{Heap after GC invocations=9 (full 0):
 garbage-first heap   total 24576K, used 12988K [0x0000000085e00000, 0x0000000100000000)
  region size 1024K, 1 young (1024K), 1 survivors (1024K)
 Metaspace       used 37294K, committed 37568K, reserved 1114112K
  class space    used 4152K, committed 4288K, reserved 1048576K
}
Event: 15.022 GC heap before
{Heap before GC invocations=9 (full 0):
 garbage-first heap   total 24576K, used 14012K [0x0000000085e00000, 0x0000000100000000)
  region size 1024K, 2 young (2048K), 1 survivors (1024K)
 Metaspace       used 37517K, committed 37760K, reserved 1114112K
  class space    used 4175K, committed 4288K, reserved 1048576K
}
Event: 15.023 GC heap after
{Heap after GC invocations=10 (full 0):
 garbage-first heap   total 75776K, used 13023K [0x0000000085e00000, 0x0000000100000000)
  region size 1024K, 1 young (1024K), 1 survivors (1024K)
 Metaspace       used 37517K, committed 37760K, reserved 1114112K
  class space    used 4175K, committed 4288K, reserved 1048576K
}
Event: 152.752 GC heap before
{Heap before GC invocations=10 (full 0):
 garbage-first heap   total 75776K, used 44767K [0x0000000085e00000, 0x0000000100000000)
  region size 1024K, 33 young (33792K), 1 survivors (1024K)
 Metaspace       used 43149K, committed 43392K, reserved 1114112K
  class space    used 4749K, committed 4864K, reserved 1048576K
}
Event: 152.754 GC heap after
{Heap after GC invocations=11 (full 0):
 garbage-first heap   total 75776K, used 15214K [0x0000000085e00000, 0x0000000100000000)
  region size 1024K, 3 young (3072K), 3 survivors (3072K)
 Metaspace       used 43149K, committed 43392K, reserved 1114112K
  class space    used 4749K, committed 4864K, reserved 1048576K
}

Dll operation events (12 events):
Event: 0.004 Loaded shared library D:\application\ProgramingTools\Tools\SpringBoot\sts-4.22.0.RELEASE\plugins\org.eclipse.justj.openjdk.hotspot.jre.full.win32.x86_64_17.0.10.v20240120-1143\jre\bin\java.dll
Event: 0.083 Loaded shared library D:\application\ProgramingTools\Tools\SpringBoot\sts-4.22.0.RELEASE\plugins\org.eclipse.justj.openjdk.hotspot.jre.full.win32.x86_64_17.0.10.v20240120-1143\jre\bin\net.dll
Event: 0.084 Loaded shared library D:\application\ProgramingTools\Tools\SpringBoot\sts-4.22.0.RELEASE\plugins\org.eclipse.justj.openjdk.hotspot.jre.full.win32.x86_64_17.0.10.v20240120-1143\jre\bin\nio.dll
Event: 0.110 Loaded shared library D:\application\ProgramingTools\Tools\SpringBoot\sts-4.22.0.RELEASE\plugins\org.eclipse.justj.openjdk.hotspot.jre.full.win32.x86_64_17.0.10.v20240120-1143\jre\bin\zip.dll
Event: 0.148 Loaded shared library D:\application\ProgramingTools\Tools\SpringBoot\sts-4.22.0.RELEASE\plugins\org.eclipse.justj.openjdk.hotspot.jre.full.win32.x86_64_17.0.10.v20240120-1143\jre\bin\jimage.dll
Event: 0.184 Loaded shared library D:\application\ProgramingTools\Tools\SpringBoot\sts-4.22.0.RELEASE\plugins\org.eclipse.justj.openjdk.hotspot.jre.full.win32.x86_64_17.0.10.v20240120-1143\jre\bin\awt.dll
Event: 0.275 Loaded shared library D:\application\ProgramingTools\Tools\SpringBoot\sts-4.22.0.RELEASE\plugins\org.eclipse.justj.openjdk.hotspot.jre.full.win32.x86_64_17.0.10.v20240120-1143\jre\bin\freetype.dll
Event: 0.276 Loaded shared library D:\application\ProgramingTools\Tools\SpringBoot\sts-4.22.0.RELEASE\plugins\org.eclipse.justj.openjdk.hotspot.jre.full.win32.x86_64_17.0.10.v20240120-1143\jre\bin\fontmanager.dll
Event: 0.320 Loaded shared library D:\application\ProgramingTools\Tools\SpringBoot\sts-4.22.0.RELEASE\plugins\org.eclipse.justj.openjdk.hotspot.jre.full.win32.x86_64_17.0.10.v20240120-1143\jre\bin\management.dll
Event: 0.327 Loaded shared library D:\application\ProgramingTools\Tools\SpringBoot\sts-4.22.0.RELEASE\plugins\org.eclipse.justj.openjdk.hotspot.jre.full.win32.x86_64_17.0.10.v20240120-1143\jre\bin\management_ext.dll
Event: 0.696 Loaded shared library D:\application\ProgramingTools\Tools\SpringBoot\sts-4.22.0.RELEASE\plugins\org.eclipse.justj.openjdk.hotspot.jre.full.win32.x86_64_17.0.10.v20240120-1143\jre\bin\sunmscapi.dll
Event: 0.969 Loaded shared library D:\application\ProgramingTools\Tools\SpringBoot\sts-4.22.0.RELEASE\plugins\org.eclipse.justj.openjdk.hotspot.jre.full.win32.x86_64_17.0.10.v20240120-1143\jre\bin\verify.dll

Deoptimization events (20 events):
Event: 154.990 Thread 0x0000023078318850 DEOPT PACKING pc=0x000002306229c424 sp=0x0000007a0a5fe1e0
Event: 154.990 Thread 0x0000023078318850 DEOPT UNPACKING pc=0x0000023061a869a3 sp=0x0000007a0a5fe168 mode 2
Event: 160.851 Thread 0x0000023078318850 Uncommon trap: trap_request=0xffffff45 fr.pc=0x00000230622da87c relative=0x000000000000215c
Event: 160.851 Thread 0x0000023078318850 Uncommon trap: reason=unstable_if action=reinterpret pc=0x00000230622da87c method=sun.java2d.marlin.MarlinTileGenerator.getAlphaRLE([BII)V @ 1090 c2
Event: 160.851 Thread 0x0000023078318850 DEOPT PACKING pc=0x00000230622da87c sp=0x0000007a0a5fd3a0
Event: 160.851 Thread 0x0000023078318850 DEOPT UNPACKING pc=0x0000023061a869a3 sp=0x0000007a0a5fd238 mode 2
Event: 160.854 Thread 0x0000023078318850 Uncommon trap: trap_request=0xffffff45 fr.pc=0x00000230622c5700 relative=0x00000000000001a0
Event: 160.854 Thread 0x0000023078318850 Uncommon trap: reason=unstable_if action=reinterpret pc=0x00000230622c5700 method=java.security.AccessControlContext.optimize()Ljava/security/AccessControlContext; @ 234 c2
Event: 160.854 Thread 0x0000023078318850 DEOPT PACKING pc=0x00000230622c5700 sp=0x0000007a0a5fe520
Event: 160.854 Thread 0x0000023078318850 DEOPT UNPACKING pc=0x0000023061a869a3 sp=0x0000007a0a5fe4d8 mode 2
Event: 160.859 Thread 0x0000023078318850 DEOPT PACKING pc=0x000002305afa5d68 sp=0x0000007a0a5fd350
Event: 160.859 Thread 0x0000023078318850 DEOPT UNPACKING pc=0x0000023061a87143 sp=0x0000007a0a5fc750 mode 0
Event: 160.868 Thread 0x0000023078318850 DEOPT PACKING pc=0x000002305afa5d68 sp=0x0000007a0a5fd360
Event: 160.868 Thread 0x0000023078318850 DEOPT UNPACKING pc=0x0000023061a87143 sp=0x0000007a0a5fc760 mode 0
Event: 160.880 Thread 0x0000023078318850 DEOPT PACKING pc=0x000002305afa5d68 sp=0x0000007a0a5fd330
Event: 160.880 Thread 0x0000023078318850 DEOPT UNPACKING pc=0x0000023061a87143 sp=0x0000007a0a5fc730 mode 0
Event: 160.882 Thread 0x0000023078318850 DEOPT PACKING pc=0x000002305afa5b84 sp=0x0000007a0a5fd350
Event: 160.882 Thread 0x0000023078318850 DEOPT UNPACKING pc=0x0000023061a87143 sp=0x0000007a0a5fc750 mode 0
Event: 160.901 Thread 0x0000023078318850 DEOPT PACKING pc=0x000002305afa5cf2 sp=0x0000007a0a5fd330
Event: 160.901 Thread 0x0000023078318850 DEOPT UNPACKING pc=0x0000023061a87143 sp=0x0000007a0a5fc730 mode 0

Classes unloaded (0 events):
No events

Classes redefined (0 events):
No events

Internal exceptions (20 events):
Event: 14.946 Thread 0x0000023078318850 Exception <a 'java/lang/NoSuchMethodError'{0x000000008c26a3e8}: 'int java.lang.invoke.DirectMethodHandle$Holder.invokeStaticInit(java.lang.Object, java.lang.Object, java.lang.Object)'> (0x000000008c26a3e8) 
thrown [s\src\hotspot\share\interpreter\linkResolver.cpp, line 759]
Event: 14.984 Thread 0x0000023078181070 Exception <a 'sun/nio/fs/WindowsException'{0x000000008718fa80}> (0x000000008718fa80) 
thrown [s\src\hotspot\share\prims\jni.cpp, line 516]
Event: 14.985 Thread 0x0000023078181070 Exception <a 'java/lang/ClassNotFoundException'{0x0000000087194b18}: sun/util/logging/resources/spi/loggingProvider> (0x0000000087194b18) 
thrown [s\src\hotspot\share\classfile\systemDictionary.cpp, line 256]
Event: 14.987 Thread 0x0000023078181070 Exception <a 'sun/nio/fs/WindowsException'{0x00000000871a9a50}> (0x00000000871a9a50) 
thrown [s\src\hotspot\share\prims\jni.cpp, line 516]
Event: 14.988 Thread 0x0000023078181070 Exception <a 'sun/nio/fs/WindowsException'{0x00000000871aabc0}> (0x00000000871aabc0) 
thrown [s\src\hotspot\share\prims\jni.cpp, line 516]
Event: 14.988 Thread 0x0000023078181070 Exception <a 'java/io/FileNotFoundException'{0x00000000871ab328}> (0x00000000871ab328) 
thrown [s\src\hotspot\share\prims\jni.cpp, line 516]
Event: 15.014 Thread 0x0000023078181070 Exception <a 'java/io/FileNotFoundException'{0x000000008d945728}> (0x000000008d945728) 
thrown [s\src\hotspot\share\prims\jni.cpp, line 516]
Event: 15.014 Thread 0x0000023078181070 Exception <a 'java/io/FileNotFoundException'{0x000000008d94a1b8}> (0x000000008d94a1b8) 
thrown [s\src\hotspot\share\prims\jni.cpp, line 516]
Event: 15.015 Thread 0x0000023078181070 Exception <a 'sun/nio/fs/WindowsException'{0x000000008d950ae8}> (0x000000008d950ae8) 
thrown [s\src\hotspot\share\prims\jni.cpp, line 516]
Event: 15.017 Thread 0x0000023078181070 Exception <a 'sun/nio/fs/WindowsException'{0x000000008d980f20}> (0x000000008d980f20) 
thrown [s\src\hotspot\share\prims\jni.cpp, line 516]
Event: 15.076 Thread 0x0000023078181070 Implicit null exception at 0x00000230621f28f5 to 0x00000230621f2edc
Event: 15.711 Thread 0x0000023078181070 Implicit null exception at 0x00000230621f3c72 to 0x00000230621f4264
Event: 15.726 Thread 0x0000023078181070 Exception <a 'java/lang/NoSuchMethodError'{0x000000008a347130}: 'int java.lang.invoke.DirectMethodHandle$Holder.invokeStatic(java.lang.Object, java.lang.Object, java.lang.Object, java.lang.Object)'> (0x000000008a347130) 
thrown [s\src\hotspot\share\interpreter\linkResolver.cpp, line 759]
Event: 15.726 Thread 0x0000023078181070 Exception <a 'java/lang/NoSuchMethodError'{0x000000008a34a938}: 'int java.lang.invoke.DirectMethodHandle$Holder.invokeStaticInit(java.lang.Object, java.lang.Object, java.lang.Object, java.lang.Object)'> (0x000000008a34a938) 
thrown [s\src\hotspot\share\interpreter\linkResolver.cpp, line 759]
Event: 15.727 Thread 0x0000023078181070 Exception <a 'java/lang/IncompatibleClassChangeError'{0x00000000898dd488}: Found class java.lang.Object, but interface was expected> (0x00000000898dd488) 
thrown [s\src\hotspot\share\interpreter\linkResolver.cpp, line 826]
Event: 18.335 Thread 0x0000023078181fa0 Exception <a 'java/lang/InterruptedException'{0x0000000088b8bb78}: sleep interrupted> (0x0000000088b8bb78) 
thrown [s\src\hotspot\share\prims\jvm.cpp, line 3038]
Event: 152.656 Thread 0x0000023078318850 Implicit null exception at 0x00000230622f166e to 0x00000230622f16a5
Event: 152.656 Thread 0x0000023078318850 Implicit null exception at 0x0000023062299fee to 0x000002306229a025
Event: 152.656 Thread 0x0000023078318850 Implicit null exception at 0x00000230623601ee to 0x0000023062360225
Event: 154.990 Thread 0x0000023078318850 Implicit null exception at 0x000002306229c24c to 0x000002306229c414

VM Operations (20 events):
Event: 30.990 Executing VM operation: Cleanup
Event: 30.990 Executing VM operation: Cleanup done
Event: 31.992 Executing VM operation: Cleanup
Event: 31.992 Executing VM operation: Cleanup done
Event: 60.115 Executing VM operation: HandshakeAllThreads
Event: 60.115 Executing VM operation: HandshakeAllThreads done
Event: 151.750 Executing VM operation: Cleanup
Event: 151.750 Executing VM operation: Cleanup done
Event: 152.752 Executing VM operation: G1CollectForAllocation
Event: 152.754 Executing VM operation: G1CollectForAllocation done
Event: 153.769 Executing VM operation: Cleanup
Event: 153.769 Executing VM operation: Cleanup done
Event: 154.783 Executing VM operation: Cleanup
Event: 154.783 Executing VM operation: Cleanup done
Event: 155.794 Executing VM operation: Cleanup
Event: 155.794 Executing VM operation: Cleanup done
Event: 159.825 Executing VM operation: Cleanup
Event: 159.825 Executing VM operation: Cleanup done
Event: 160.825 Executing VM operation: Cleanup
Event: 160.825 Executing VM operation: Cleanup done

Events (20 events):
Event: 18.333 Thread 0x0000023078181070 Thread exited: 0x0000023078181070
Event: 19.344 Thread 0x000002307666ca60 Thread exited: 0x000002307666ca60
Event: 19.344 Thread 0x0000023076b252e0 Thread exited: 0x0000023076b252e0
Event: 19.845 Thread 0x00000230789dde30 Thread exited: 0x00000230789dde30
Event: 23.335 Thread 0x0000023078181fa0 Thread exited: 0x0000023078181fa0
Event: 60.867 Thread 0x0000023078134f70 Thread exited: 0x0000023078134f70
Event: 152.649 loading class java/math/MathContext
Event: 152.650 loading class java/math/MathContext done
Event: 152.657 Thread 0x0000023078181070 Thread added: 0x0000023078181070
Event: 152.659 Thread 0x0000023078181fa0 Thread added: 0x0000023078181fa0
Event: 152.833 Thread 0x0000023076924af0 Thread added: 0x0000023076924af0
Event: 154.292 Thread 0x0000023076924af0 Thread exited: 0x0000023076924af0
Event: 154.675 Thread 0x0000023078181fa0 Thread exited: 0x0000023078181fa0
Event: 157.664 Thread 0x0000023078181070 Thread exited: 0x0000023078181070
Event: 160.813 loading class jdk/internal/math/FDBigInteger
Event: 160.813 loading class jdk/internal/math/FDBigInteger done
Event: 160.813 loading class java/text/DigitList$1
Event: 160.813 loading class java/text/DigitList$1 done
Event: 160.896 Thread 0x0000023076aadc20 Thread added: 0x0000023076aadc20
Event: 160.896 Thread 0x0000023076ab06a0 Thread added: 0x0000023076ab06a0


Dynamic libraries:
0x00007ff6e84f0000 - 0x00007ff6e84fe000 	D:\application\ProgramingTools\Tools\SpringBoot\sts-4.22.0.RELEASE\plugins\org.eclipse.justj.openjdk.hotspot.jre.full.win32.x86_64_17.0.10.v20240120-1143\jre\bin\javaw.exe
0x00007ffa54510000 - 0x00007ffa54727000 	C:\WINDOWS\SYSTEM32\ntdll.dll
0x00007ffa534e0000 - 0x00007ffa535a4000 	C:\WINDOWS\System32\KERNEL32.DLL
0x00007ffa51bd0000 - 0x00007ffa51f87000 	C:\WINDOWS\System32\KERNELBASE.dll
0x00007ffa51820000 - 0x00007ffa51931000 	C:\WINDOWS\System32\ucrtbase.dll
0x00007ff9e8a40000 - 0x00007ff9e8a57000 	D:\application\ProgramingTools\Tools\SpringBoot\sts-4.22.0.RELEASE\plugins\org.eclipse.justj.openjdk.hotspot.jre.full.win32.x86_64_17.0.10.v20240120-1143\jre\bin\jli.dll
0x00007ff9e8a20000 - 0x00007ff9e8a3b000 	D:\application\ProgramingTools\Tools\SpringBoot\sts-4.22.0.RELEASE\plugins\org.eclipse.justj.openjdk.hotspot.jre.full.win32.x86_64_17.0.10.v20240120-1143\jre\bin\VCRUNTIME140.dll
0x00007ffa53f70000 - 0x00007ffa5411f000 	C:\WINDOWS\System32\USER32.dll
0x00007ffa519b0000 - 0x00007ffa519d6000 	C:\WINDOWS\System32\win32u.dll
0x00007ffa53940000 - 0x00007ffa53969000 	C:\WINDOWS\System32\GDI32.dll
0x00007ffa35260000 - 0x00007ffa354f3000 	C:\WINDOWS\WinSxS\amd64_microsoft.windows.common-controls_6595b64144ccf1df_6.0.22621.3672_none_2713b9d173822955\COMCTL32.dll
0x00007ffa54140000 - 0x00007ffa541e7000 	C:\WINDOWS\System32\msvcrt.dll
0x00007ffa51a10000 - 0x00007ffa51b28000 	C:\WINDOWS\System32\gdi32full.dll
0x00007ffa51b30000 - 0x00007ffa51bca000 	C:\WINDOWS\System32\msvcp_win.dll
0x00007ffa543c0000 - 0x00007ffa543f1000 	C:\WINDOWS\System32\IMM32.DLL
0x00007ffa13240000 - 0x00007ffa1324c000 	D:\application\ProgramingTools\Tools\SpringBoot\sts-4.22.0.RELEASE\plugins\org.eclipse.justj.openjdk.hotspot.jre.full.win32.x86_64_17.0.10.v20240120-1143\jre\bin\vcruntime140_1.dll
0x00007ff9e8990000 - 0x00007ff9e8a1d000 	D:\application\ProgramingTools\Tools\SpringBoot\sts-4.22.0.RELEASE\plugins\org.eclipse.justj.openjdk.hotspot.jre.full.win32.x86_64_17.0.10.v20240120-1143\jre\bin\msvcp140.dll
0x00007ff9e7a00000 - 0x00007ff9e8662000 	D:\application\ProgramingTools\Tools\SpringBoot\sts-4.22.0.RELEASE\plugins\org.eclipse.justj.openjdk.hotspot.jre.full.win32.x86_64_17.0.10.v20240120-1143\jre\bin\server\jvm.dll
0x00007ffa53340000 - 0x00007ffa533f2000 	C:\WINDOWS\System32\ADVAPI32.dll
0x00007ffa52710000 - 0x00007ffa527b8000 	C:\WINDOWS\System32\sechost.dll
0x00007ffa519e0000 - 0x00007ffa51a08000 	C:\WINDOWS\System32\bcrypt.dll
0x00007ffa52340000 - 0x00007ffa52454000 	C:\WINDOWS\System32\RPCRT4.dll
0x00007ffa506f0000 - 0x00007ffa5073d000 	C:\WINDOWS\SYSTEM32\POWRPROF.dll
0x00007ffa4a2c0000 - 0x00007ffa4a2f4000 	C:\WINDOWS\SYSTEM32\WINMM.dll
0x00007ffa4a110000 - 0x00007ffa4a11a000 	C:\WINDOWS\SYSTEM32\VERSION.dll
0x00007ffa33ea0000 - 0x00007ffa33ea9000 	C:\WINDOWS\SYSTEM32\WSOCK32.dll
0x00007ffa539e0000 - 0x00007ffa53a51000 	C:\WINDOWS\System32\WS2_32.dll
0x00007ffa506b0000 - 0x00007ffa506c3000 	C:\WINDOWS\SYSTEM32\UMPDC.dll
0x00007ffa508c0000 - 0x00007ffa508d8000 	C:\WINDOWS\SYSTEM32\kernel.appcore.dll
0x00007ffa198c0000 - 0x00007ffa198ca000 	D:\application\ProgramingTools\Tools\SpringBoot\sts-4.22.0.RELEASE\plugins\org.eclipse.justj.openjdk.hotspot.jre.full.win32.x86_64_17.0.10.v20240120-1143\jre\bin\jimage.dll
0x00007ffa4eb00000 - 0x00007ffa4ed32000 	C:\WINDOWS\SYSTEM32\DBGHELP.DLL
0x00007ffa535b0000 - 0x00007ffa5393e000 	C:\WINDOWS\System32\combase.dll
0x00007ffa53400000 - 0x00007ffa534d7000 	C:\WINDOWS\System32\OLEAUT32.dll
0x00007ffa3afc0000 - 0x00007ffa3aff2000 	C:\WINDOWS\SYSTEM32\dbgcore.DLL
0x00007ffa521c0000 - 0x00007ffa5223b000 	C:\WINDOWS\System32\bcryptPrimitives.dll
0x00007ff9e79d0000 - 0x00007ff9e79f5000 	D:\application\ProgramingTools\Tools\SpringBoot\sts-4.22.0.RELEASE\plugins\org.eclipse.justj.openjdk.hotspot.jre.full.win32.x86_64_17.0.10.v20240120-1143\jre\bin\java.dll
0x00007ff9e79b0000 - 0x00007ff9e79c8000 	D:\application\ProgramingTools\Tools\SpringBoot\sts-4.22.0.RELEASE\plugins\org.eclipse.justj.openjdk.hotspot.jre.full.win32.x86_64_17.0.10.v20240120-1143\jre\bin\zip.dll
0x00007ffa52920000 - 0x00007ffa53189000 	C:\WINDOWS\System32\SHELL32.dll
0x00007ffa4f760000 - 0x00007ffa5005f000 	C:\WINDOWS\SYSTEM32\windows.storage.dll
0x00007ffa4f620000 - 0x00007ffa4f75f000 	C:\WINDOWS\SYSTEM32\wintypes.dll
0x00007ffa53240000 - 0x00007ffa53339000 	C:\WINDOWS\System32\SHCORE.dll
0x00007ffa54470000 - 0x00007ffa544ce000 	C:\WINDOWS\System32\shlwapi.dll
0x00007ffa51750000 - 0x00007ffa51777000 	C:\WINDOWS\SYSTEM32\profapi.dll
0x00007ff9e7990000 - 0x00007ff9e79a9000 	D:\application\ProgramingTools\Tools\SpringBoot\sts-4.22.0.RELEASE\plugins\org.eclipse.justj.openjdk.hotspot.jre.full.win32.x86_64_17.0.10.v20240120-1143\jre\bin\net.dll
0x00007ffa4def0000 - 0x00007ffa4e026000 	C:\WINDOWS\SYSTEM32\WINHTTP.dll
0x00007ffa50dd0000 - 0x00007ffa50e39000 	C:\WINDOWS\system32\mswsock.dll
0x00007ff9e7970000 - 0x00007ff9e7986000 	D:\application\ProgramingTools\Tools\SpringBoot\sts-4.22.0.RELEASE\plugins\org.eclipse.justj.openjdk.hotspot.jre.full.win32.x86_64_17.0.10.v20240120-1143\jre\bin\nio.dll
0x00007ffa21620000 - 0x00007ffa217b0000 	D:\application\ProgramingTools\Tools\SpringBoot\sts-4.22.0.RELEASE\plugins\org.eclipse.justj.openjdk.hotspot.jre.full.win32.x86_64_17.0.10.v20240120-1143\jre\bin\awt.dll
0x00007ffa4ca50000 - 0x00007ffa4cae7000 	C:\WINDOWS\SYSTEM32\apphelp.dll
0x00007ffa4e480000 - 0x00007ffa4e531000 	C:\WINDOWS\system32\uxtheme.dll
0x00007ffa527c0000 - 0x00007ffa52920000 	C:\WINDOWS\System32\MSCTF.dll
0x00007ffa541f0000 - 0x00007ffa54395000 	C:\WINDOWS\System32\ole32.dll
0x00007ffa4e710000 - 0x00007ffa4e73b000 	C:\WINDOWS\system32\DWMAPI.DLL
0x00007ffa3ba60000 - 0x00007ffa3bae7000 	D:\application\ProgramingTools\Tools\SpringBoot\sts-4.22.0.RELEASE\plugins\org.eclipse.justj.openjdk.hotspot.jre.full.win32.x86_64_17.0.10.v20240120-1143\jre\bin\freetype.dll
0x00007ffa280b0000 - 0x00007ffa28183000 	D:\application\ProgramingTools\Tools\SpringBoot\sts-4.22.0.RELEASE\plugins\org.eclipse.justj.openjdk.hotspot.jre.full.win32.x86_64_17.0.10.v20240120-1143\jre\bin\fontmanager.dll
0x00007ffa170a0000 - 0x00007ffa170a9000 	D:\application\ProgramingTools\Tools\SpringBoot\sts-4.22.0.RELEASE\plugins\org.eclipse.justj.openjdk.hotspot.jre.full.win32.x86_64_17.0.10.v20240120-1143\jre\bin\management.dll
0x00007ffa14510000 - 0x00007ffa1451b000 	D:\application\ProgramingTools\Tools\SpringBoot\sts-4.22.0.RELEASE\plugins\org.eclipse.justj.openjdk.hotspot.jre.full.win32.x86_64_17.0.10.v20240120-1143\jre\bin\management_ext.dll
0x00007ffa54120000 - 0x00007ffa54128000 	C:\WINDOWS\System32\PSAPI.DLL
0x00007ffa2c750000 - 0x00007ffa2c767000 	C:\WINDOWS\system32\napinsp.dll
0x00007ffa2c730000 - 0x00007ffa2c74b000 	C:\WINDOWS\system32\pnrpnsp.dll
0x00007ffa50360000 - 0x00007ffa50462000 	C:\WINDOWS\SYSTEM32\DNSAPI.dll
0x00007ffa50330000 - 0x00007ffa5035d000 	C:\WINDOWS\SYSTEM32\IPHLPAPI.DLL
0x00007ffa539d0000 - 0x00007ffa539d9000 	C:\WINDOWS\System32\NSI.dll
0x00007ffa22640000 - 0x00007ffa22651000 	C:\WINDOWS\System32\winrnr.dll
0x00007ffa225d0000 - 0x00007ffa225e5000 	C:\WINDOWS\system32\wshbth.dll
0x00007ffa225a0000 - 0x00007ffa225c7000 	C:\WINDOWS\system32\nlansp_c.dll
0x00007ffa4dec0000 - 0x00007ffa4deca000 	C:\Windows\System32\rasadhlp.dll
0x00007ffa4cd50000 - 0x00007ffa4cdd3000 	C:\WINDOWS\System32\fwpuclnt.dll
0x00007ffa51030000 - 0x00007ffa5104b000 	C:\WINDOWS\SYSTEM32\CRYPTSP.dll
0x00007ffa508e0000 - 0x00007ffa50915000 	C:\WINDOWS\system32\rsaenh.dll
0x00007ffa50ec0000 - 0x00007ffa50ee8000 	C:\WINDOWS\SYSTEM32\USERENV.dll
0x00007ffa51020000 - 0x00007ffa5102c000 	C:\WINDOWS\SYSTEM32\CRYPTBASE.dll
0x00007ffa4d850000 - 0x00007ffa4d869000 	C:\WINDOWS\SYSTEM32\dhcpcsvc6.DLL
0x00007ffa4d670000 - 0x00007ffa4d68f000 	C:\WINDOWS\SYSTEM32\dhcpcsvc.DLL
0x00007ffa18a70000 - 0x00007ffa18a7e000 	D:\application\ProgramingTools\Tools\SpringBoot\sts-4.22.0.RELEASE\plugins\org.eclipse.justj.openjdk.hotspot.jre.full.win32.x86_64_17.0.10.v20240120-1143\jre\bin\sunmscapi.dll
0x00007ffa51f90000 - 0x00007ffa520f6000 	C:\WINDOWS\System32\CRYPT32.dll
0x00007ffa511e0000 - 0x00007ffa5120d000 	C:\WINDOWS\SYSTEM32\ncrypt.dll
0x00007ffa511a0000 - 0x00007ffa511d7000 	C:\WINDOWS\SYSTEM32\NTASN1.dll
0x00007ffa41690000 - 0x00007ffa41698000 	C:\WINDOWS\system32\wshunix.dll
0x00007ff9e86e0000 - 0x00007ff9e87e0000 	C:\WINDOWS\system32\opengl32.dll
0x00007ffa48df0000 - 0x00007ffa48e1d000 	C:\WINDOWS\SYSTEM32\GLU32.dll
0x00007ffa4ef30000 - 0x00007ffa4ef67000 	C:\WINDOWS\SYSTEM32\dxcore.dll
0x00007ffa18d60000 - 0x00007ffa18d70000 	D:\application\ProgramingTools\Tools\SpringBoot\sts-4.22.0.RELEASE\plugins\org.eclipse.justj.openjdk.hotspot.jre.full.win32.x86_64_17.0.10.v20240120-1143\jre\bin\verify.dll
0x00007ffa53190000 - 0x00007ffa53240000 	C:\WINDOWS\System32\clbcatq.dll
0x00007ffa4e280000 - 0x00007ffa4e431000 	C:\WINDOWS\SYSTEM32\WindowsCodecs.dll
0x00007ffa3ab40000 - 0x00007ffa3ab9e000 	C:\WINDOWS\system32\dataexchange.dll
0x00007ffa48110000 - 0x00007ffa483b2000 	C:\WINDOWS\system32\twinapi.appcore.dll
0x00007ffa35a10000 - 0x00007ffa35b53000 	C:\WINDOWS\SYSTEM32\textinputframework.dll
0x00007ffa4c760000 - 0x00007ffa4c893000 	C:\WINDOWS\SYSTEM32\CoreMessaging.dll
0x00007ffa49810000 - 0x00007ffa49b7d000 	C:\WINDOWS\SYSTEM32\CoreUIComponents.dll

dbghelp: loaded successfully - version: 4.0.5 - missing functions: none
symbol engine: initialized successfully - sym options: 0x614 - pdb path: .;D:\application\ProgramingTools\Tools\SpringBoot\sts-4.22.0.RELEASE\plugins\org.eclipse.justj.openjdk.hotspot.jre.full.win32.x86_64_17.0.10.v20240120-1143\jre\bin;C:\WINDOWS\SYSTEM32;C:\WINDOWS\WinSxS\amd64_microsoft.windows.common-controls_6595b64144ccf1df_6.0.22621.3672_none_2713b9d173822955;D:\application\ProgramingTools\Tools\SpringBoot\sts-4.22.0.RELEASE\plugins\org.eclipse.justj.openjdk.hotspot.jre.full.win32.x86_64_17.0.10.v20240120-1143\jre\bin\server

VM Arguments:
jvm_args: -Dfile.encoding=UTF-8 -Dstdout.encoding=UTF-8 -Dstderr.encoding=UTF-8 --module-path=C:\Users\phamm\git\FlashCardAplication\FlashCard\target\classes;C:\Users\phamm\.m2\repository\com\miglayout\miglayout-swing\11.0\miglayout-swing-11.0.jar;C:\Users\phamm\.m2\repository\com\miglayout\miglayout-core\11.0\miglayout-core-11.0.jar;C:\Users\phamm\.m2\repository\com\kenai\nbpwr\org-jdesktop-animation-timing\1.0-201002281504\org-jdesktop-animation-timing-1.0-201002281504.jar;C:\Users\phamm\.m2\repository\net\java\dev\timingframework\timingframework\1.0\timingframework-1.0.jar;C:\Users\phamm\.m2\repository\com\sun\mail\javax.mail\1.6.2\javax.mail-1.6.2.jar -XX:+ShowCodeDetailsInExceptionMessages -Djdk.module.main=FlashCard 
java_command: FlashCard/com.flashcard.controller.ConntrollerLoginAndRegister
java_class_path (initial): C:\Users\phamm\.m2\repository\com\oracle\database\jdbc\ojdbc11\23.3.0.23.09\ojdbc11-23.3.0.23.09.jar;C:\Users\phamm\.m2\repository\javax\activation\activation\1.1\activation-1.1.jar;D:\application\ProgramingTools\Tools\SpringBoot\SetUp\ChuanHoaFileTxt_xlsx\target\classes;C:\Users\phamm\.m2\repository\org\apache\poi\poi-ooxml\5.2.3\poi-ooxml-5.2.3.jar;C:\Users\phamm\.m2\repository\org\apache\poi\poi\5.2.3\poi-5.2.3.jar;C:\Users\phamm\.m2\repository\commons-codec\commons-codec\1.15\commons-codec-1.15.jar;C:\Users\phamm\.m2\repository\org\apache\commons\commons-math3\3.6.1\commons-math3-3.6.1.jar;C:\Users\phamm\.m2\repository\com\zaxxer\SparseBitSet\1.2\SparseBitSet-1.2.jar;C:\Users\phamm\.m2\repository\org\apache\poi\poi-ooxml-lite\5.2.3\poi-ooxml-lite-5.2.3.jar;C:\Users\phamm\.m2\repository\org\apache\xmlbeans\xmlbeans\5.1.1\xmlbeans-5.1.1.jar;C:\Users\phamm\.m2\repository\org\apache\commons\commons-compress\1.21\commons-compress-1.21.jar;C:\Users\phamm\.m2\repository\commons-io\commons-io\2.11.0\commons-io-2.11.0.jar;C:\Users\phamm\.m2\repository\com\github\virtuald\curvesapi\1.07\curvesapi-1.07.jar;C:\Users\phamm\.m2\repository\org\apache\commons\commons-collections4\4.4\commons-collections4-4.4.jar;C:\Users\phamm\.m2\repository\org\apache\logging\log4j\log4j-core\2.20.0\log4j-core-2.20.0.jar;C:\Users\phamm\.m2\repository\org\apache\logging\log4j\log4j-api\2.20.0\log4j-api-2.20.0.jar
Launcher Type: SUN_STANDARD

[Global flags]
     intx CICompilerCount                          = 12                                        {product} {ergonomic}
     uint ConcGCThreads                            = 4                                         {product} {ergonomic}
     uint G1ConcRefinementThreads                  = 15                                        {product} {ergonomic}
   size_t G1HeapRegionSize                         = 1048576                                   {product} {ergonomic}
    uintx GCDrainStackTargetSize                   = 64                                        {product} {ergonomic}
   size_t InitialHeapSize                          = 130023424                                 {product} {ergonomic}
   size_t MarkStackSize                            = 4194304                                   {product} {ergonomic}
   size_t MaxHeapSize                              = 2048917504                                {product} {ergonomic}
   size_t MaxNewSize                               = 1228931072                                {product} {ergonomic}
   size_t MinHeapDeltaBytes                        = 1048576                                   {product} {ergonomic}
   size_t MinHeapSize                              = 8388608                                   {product} {ergonomic}
    uintx NonNMethodCodeHeapSize                   = 7602480                                {pd product} {ergonomic}
    uintx NonProfiledCodeHeapSize                  = 122027880                              {pd product} {ergonomic}
    uintx ProfiledCodeHeapSize                     = 122027880                              {pd product} {ergonomic}
    uintx ReservedCodeCacheSize                    = 251658240                              {pd product} {ergonomic}
     bool SegmentedCodeCache                       = true                                      {product} {ergonomic}
     bool ShowCodeDetailsInExceptionMessages       = true                                   {manageable} {command line}
   size_t SoftMaxHeapSize                          = 2048917504                             {manageable} {ergonomic}
     bool UseCompressedClassPointers               = true                           {product lp64_product} {ergonomic}
     bool UseCompressedOops                        = true                           {product lp64_product} {ergonomic}
     bool UseG1GC                                  = true                                      {product} {ergonomic}
     bool UseLargePagesIndividualAllocation        = false                                  {pd product} {ergonomic}

Logging:
Log output configuration:
 #0: stdout all=warning uptime,level,tags
 #1: stderr all=off uptime,level,tags

Environment Variables:
JAVA_HOME=C:\ProgramingTool\LapTrinh\Java\Eclipse\JDK\SetUp
PATH=D:/application/ProgramingTools/Tools/SpringBoot/sts-4.22.0.RELEASE//plugins/org.eclipse.justj.openjdk.hotspot.jre.full.win32.x86_64_17.0.10.v20240120-1143/jre/bin/server;D:/application/ProgramingTools/Tools/SpringBoot/sts-4.22.0.RELEASE//plugins/org.eclipse.justj.openjdk.hotspot.jre.full.win32.x86_64_17.0.10.v20240120-1143/jre/bin;D:\application\ProgramingTools\Database\SqlOracle\SetUp\bin;C:\Program Files\Common Files\Oracle\Java\javapath;C:\Program Files (x86)\Common Files\Oracle\Java\java8path;C:\Program Files (x86)\Common Files\Oracle\Java\javapath;C:\Windows\system32;C:\Windows;C:\Windows\System32\Wbem;C:\Windows\System32\WindowsPowerShell\v1.0\;C:\Windows\System32\OpenSSH\;C:\Program Files (x86)\NVIDIA Corporation\PhysX\Common;C:\Program Files\NVIDIA Corporation\NVIDIA NvDLISR;C:\WINDOWS\system32;C:\WINDOWS;C:\WINDOWS\System32\Wbem;C:\WINDOWS\System32\WindowsPowerShell\v1.0\;C:\WINDOWS\System32\OpenSSH\;C:\Program Files\dotnet\;C:\ProgramingTool\LapTrinh\Java\Eclipse\JDK\SetUp\bin;C:\ProgramingTool\LapTrinh\Java\Server\TomcatServer\SetUp\apache-tomcat-9.0.86\bin;C:\Program Files\Git\cmd;C:\ProgramData\chocolatey\bin;C:\Program Files (x86)\Microsoft SQL Server\160\Tools\Binn\;C:\Program Files\Microsoft SQL Server\160\Tools\Binn\;C:\Program Files\Microsoft SQL Server\Client SDK\ODBC\170\Tools\Binn\;C:\Program Files\Microsoft SQL Server\160\DTS\Binn\;C:\Program Files (x86)\Microsoft SQL Server\160\DTS\Binn\;C:\Users\phamm\AppData\Local\Microsoft\WindowsApps;D:\application\visualcode\Microsoft VS Code\bin;C:\Users\phamm\AppData\Local\GitHubDesktop\bin;C:\Users\phamm\.dotnet\tools;D:\application\ProgramingTools\Tools\SpringBoot\sts-4.22.0.RELEASE;
USERNAME=phamm
OS=Windows_NT
PROCESSOR_IDENTIFIER=Intel64 Family 6 Model 154 Stepping 3, GenuineIntel
TMP=C:\Users\phamm\AppData\Local\Temp
TEMP=C:\Users\phamm\AppData\Local\Temp



Periodic native trim disabled


---------------  S Y S T E M  ---------------

OS:
 Windows 11 , 64 bit Build 22621 (10.0.22621.3958)
OS uptime: 2 days 16:26 hours
Hyper-V role detected

CPU: total 20 (initial active 20) (10 cores per cpu, 2 threads per core) family 6 model 154 stepping 3 microcode 0x429, cx8, cmov, fxsr, ht, mmx, 3dnowpref, sse, sse2, sse3, ssse3, sse4.1, sse4.2, popcnt, lzcnt, tsc, tscinvbit, avx, avx2, aes, erms, clmul, bmi1, bmi2, adx, sha, fma, vzeroupper, clflush, clflushopt, clwb, hv
Processor Information for all 20 processors :
  Max Mhz: 2300, Current Mhz: 2300, Mhz Limit: 2300

Memory: 4k page, system-wide physical 7812M (716M free)
TotalPageFile size 31364M (AvailPageFile size 4M)
current process WorkingSet (physical memory assigned to process): 201M, peak: 201M
current process commit charge ("private bytes"): 255M, peak: 255M

vm_info: OpenJDK 64-Bit Server VM (17.0.10+7) for windows-amd64 JRE (17.0.10+7), built on Jan 16 2024 23:25:11 by "admin" with MS VC++ 16.10 / 16.11 (VS2019)

END.
